Traceback (most recent call last):
  File "client.py", line 6, in <module>
    run_schedule()
  File "/var/www/html/web/proxy/scheduler.py", line 20, in run_schedule
    schedule.every(CRAWLER_RUN_CYCLE).minutes.do(crawler.run).run()
  File "/usr/local/python3/lib/python3.6/site-packages/schedule/__init__.py", line 411, in run
    ret = self.job_func()
  File "/var/www/html/web/proxy/crawler.py", line 34, in run
    for proxy in func():
  File "/var/www/html/web/proxy/crawler.py", line 74, in crawl_xici
    html = requests(url.format(proxy_type))
  File "/var/www/html/web/proxy/utils.py", line 34, in requests
    html = loop.run_until_complete(asyncio.gather(_get_page(url, sleep)))
  File "/usr/local/python3/lib/python3.6/asyncio/base_events.py", line 454, in run_until_complete
    self.run_forever()
  File "/usr/local/python3/lib/python3.6/asyncio/base_events.py", line 421, in run_forever
    self._run_once()
  File "/usr/local/python3/lib/python3.6/asyncio/base_events.py", line 1395, in _run_once
    event_list = self._selector.select(timeout)
  File "/usr/local/python3/lib/python3.6/selectors.py", line 445, in select
    fd_event_list = self._epoll.poll(timeout, max_ev)
KeyboardInterrupt
