2018-08-31 12:02:03,360- userDao.py:[line:31]- INFO - 用户名 or6FL07J8AeXcejGwN9HIUTvKiQc 以绑定
2018-08-31 12:02:03,361- userDao.py:[line:31]- INFO - 用户名 or6FL07J8AeXcejGwN9HIUTvKiQc 以绑定
2018-08-31 12:02:09,182- userDao.py:[line:31]- INFO - 用户名 or6FL07J8AeXcejGwN9HIUTvKiQc 以绑定
2018-08-31 12:02:16,188- userDao.py:[line:31]- INFO - 用户名 or6FL07J8AeXcejGwN9HIUTvKiQc 以绑定
2018-08-31 12:02:16,191- scoreDao.py:[line:37]- INFO - 用户or6FL07J8AeXcejGwN9HIUTvKiQc今天已经爬取过成绩
2018-08-31 12:02:16,191- scoreDao.py:[line:83]- INFO - 用户or6FL07J8AeXcejGwN9HIUTvKiQc从数据库中取成绩
2018-08-31 12:05:23,245- userDao.py:[line:31]- INFO - 用户名 or6FL07J8AeXcejGwN9HIUTvKiQc 以绑定
2018-08-31 12:05:23,246- userDao.py:[line:31]- INFO - 用户名 or6FL07J8AeXcejGwN9HIUTvKiQc 以绑定
2018-08-31 12:06:51,933- userDao.py:[line:31]- INFO - 用户名 or6FL07J8AeXcejGwN9HIUTvKiQc 以绑定
2018-08-31 12:06:58,178- userDao.py:[line:31]- INFO - 用户名 or6FL07J8AeXcejGwN9HIUTvKiQc 以绑定
2018-08-31 12:06:58,179- userDao.py:[line:31]- INFO - 用户名 or6FL07J8AeXcejGwN9HIUTvKiQc 以绑定
2018-08-31 12:07:02,108- userDao.py:[line:31]- INFO - 用户名 or6FL07J8AeXcejGwN9HIUTvKiQc 以绑定
2018-08-31 12:07:02,111- scoreDao.py:[line:37]- INFO - 用户or6FL07J8AeXcejGwN9HIUTvKiQc今天已经爬取过成绩
2018-08-31 12:07:02,111- scoreDao.py:[line:83]- INFO - 用户or6FL07J8AeXcejGwN9HIUTvKiQc从数据库中取成绩
2018-08-31 12:07:14,426- userDao.py:[line:31]- INFO - 用户名 or6FL07J8AeXcejGwN9HIUTvKiQc 以绑定
2018-08-31 12:21:29,182- userDao.py:[line:31]- INFO - 用户名 or6FL07J8AeXcejGwN9HIUTvKiQc 以绑定
2018-08-31 12:21:29,183- userDao.py:[line:31]- INFO - 用户名 or6FL07J8AeXcejGwN9HIUTvKiQc 以绑定
2018-08-31 12:21:31,898- userDao.py:[line:31]- INFO - 用户名 or6FL07J8AeXcejGwN9HIUTvKiQc 以绑定
2018-08-31 12:21:31,899- userDao.py:[line:31]- INFO - 用户名 or6FL07J8AeXcejGwN9HIUTvKiQc 以绑定
2018-08-31 12:21:35,605- userDao.py:[line:31]- INFO - 用户名 or6FL07J8AeXcejGwN9HIUTvKiQc 以绑定
2018-08-31 12:21:35,606- userDao.py:[line:31]- INFO - 用户名 or6FL07J8AeXcejGwN9HIUTvKiQc 以绑定
2018-08-31 12:21:42,363- userDao.py:[line:31]- INFO - 用户名 or6FL07J8AeXcejGwN9HIUTvKiQc 以绑定
2018-08-31 12:21:42,364- userDao.py:[line:31]- INFO - 用户名 or6FL07J8AeXcejGwN9HIUTvKiQc 以绑定
2018-08-31 12:21:44,700- userDao.py:[line:31]- INFO - 用户名 or6FL07J8AeXcejGwN9HIUTvKiQc 以绑定
2018-08-31 12:22:43,598- userDao.py:[line:31]- INFO - 用户名 or6FL07J8AeXcejGwN9HIUTvKiQc 以绑定
2018-08-31 12:22:43,604- userDao.py:[line:76]- INFO - 用户or6FL07J8AeXcejGwN9HIUTvKiQc解绑成功
2018-08-31 12:22:48,977- userDao.py:[line:34]- INFO - 用户名 or6FL07J8AeXcejGwN9HIUTvKiQc 以解绑
2018-08-31 12:22:51,661- userDao.py:[line:34]- INFO - 用户名 or6FL07J8AeXcejGwN9HIUTvKiQc 以解绑
2018-08-31 12:22:54,947- userDao.py:[line:34]- INFO - 用户名 or6FL07J8AeXcejGwN9HIUTvKiQc 以解绑
2018-08-31 12:22:54,951- userDao.py:[line:61]- INFO - 用户or6FL07J8AeXcejGwN9HIUTvKiQc用户绑定成功
2018-08-31 12:23:12,495- userDao.py:[line:34]- INFO - 用户名 or6FL07J8AeXcejGwN9HIUTvKiQc 以解绑
2018-08-31 12:23:14,321- userDao.py:[line:34]- INFO - 用户名 or6FL07J8AeXcejGwN9HIUTvKiQc 以解绑
2018-08-31 12:23:16,708- userDao.py:[line:34]- INFO - 用户名 or6FL07J8AeXcejGwN9HIUTvKiQc 以解绑
2018-08-31 12:23:24,498- userDao.py:[line:34]- INFO - 用户名 or6FL07J8AeXcejGwN9HIUTvKiQc 以解绑
2018-08-31 12:23:24,506- userDao.py:[line:61]- INFO - 用户or6FL07J8AeXcejGwN9HIUTvKiQc用户绑定成功
2018-08-31 12:23:30,089- userDao.py:[line:31]- INFO - 用户名 or6FL07J8AeXcejGwN9HIUTvKiQc 以绑定
2018-08-31 12:23:32,908- userDao.py:[line:31]- INFO - 用户名 or6FL07J8AeXcejGwN9HIUTvKiQc 以绑定
2018-08-31 12:23:32,910- scoreDao.py:[line:37]- INFO - 用户or6FL07J8AeXcejGwN9HIUTvKiQc今天已经爬取过成绩
2018-08-31 12:23:32,910- scoreDao.py:[line:83]- INFO - 用户or6FL07J8AeXcejGwN9HIUTvKiQc从数据库中取成绩
2018-08-31 12:26:07,022- keyWordDao.py:[line:49]- INFO - 关键字列表已清空
2018-08-31 12:26:07,027- keyWordDao.py:[line:62]- INFO - 关键字绑定用户添加成功
2018-08-31 12:26:07,032- keyWordDao.py:[line:62]- INFO - 关键字解除绑定添加成功
2018-08-31 12:26:07,035- keyWordDao.py:[line:62]- INFO - 关键字成绩添加成功
2018-08-31 12:26:07,039- keyWordDao.py:[line:62]- INFO - 关键字你好添加成功
2018-08-31 12:26:07,044- keyWordDao.py:[line:62]- INFO - 关键字subscribe添加成功
2018-08-31 12:26:52,753- userDao.py:[line:31]- INFO - 用户名 or6FL07J8AeXcejGwN9HIUTvKiQc 以绑定
2018-08-31 12:26:52,759- userDao.py:[line:76]- INFO - 用户or6FL07J8AeXcejGwN9HIUTvKiQc解绑成功
2018-08-31 12:27:00,473- userDao.py:[line:34]- INFO - 用户名 or6FL07J8AeXcejGwN9HIUTvKiQc 以解绑
2018-08-31 12:27:00,474- userDao.py:[line:79]- ERROR - 用户or6FL07J8AeXcejGwN9HIUTvKiQc未绑定，无法解绑
2018-08-31 12:27:58,929- keyWordDao.py:[line:49]- INFO - 关键字列表已清空
2018-08-31 12:27:58,933- keyWordDao.py:[line:62]- INFO - 关键字绑定帐号添加成功
2018-08-31 12:27:58,938- keyWordDao.py:[line:62]- INFO - 关键字解除绑定添加成功
2018-08-31 12:27:58,943- keyWordDao.py:[line:62]- INFO - 关键字成绩添加成功
2018-08-31 12:27:58,948- keyWordDao.py:[line:62]- INFO - 关键字你好添加成功
2018-08-31 12:27:58,952- keyWordDao.py:[line:62]- INFO - 关键字subscribe添加成功
2018-08-31 12:28:21,862- userDao.py:[line:34]- INFO - 用户名 or6FL07J8AeXcejGwN9HIUTvKiQc 以解绑
2018-08-31 12:31:18,806- userDao.py:[line:34]- INFO - 用户名 or6FL07J8AeXcejGwN9HIUTvKiQc 以解绑
2018-08-31 12:31:18,806- userDao.py:[line:79]- ERROR - 用户or6FL07J8AeXcejGwN9HIUTvKiQc未绑定，无法解绑
2018-08-31 12:31:23,135- userDao.py:[line:34]- INFO - 用户名 or6FL07J8AeXcejGwN9HIUTvKiQc 以解绑
2018-08-31 12:32:23,143- keyWordDao.py:[line:49]- INFO - 关键字列表已清空
2018-08-31 12:32:23,147- keyWordDao.py:[line:62]- INFO - 关键字绑定帐号添加成功
2018-08-31 12:32:23,152- keyWordDao.py:[line:62]- INFO - 关键字解绑添加成功
2018-08-31 12:32:23,157- keyWordDao.py:[line:62]- INFO - 关键字成绩添加成功
2018-08-31 12:32:23,161- keyWordDao.py:[line:62]- INFO - 关键字你好添加成功
2018-08-31 12:32:23,165- keyWordDao.py:[line:62]- INFO - 关键字subscribe添加成功
2018-08-31 12:33:31,044- userDao.py:[line:34]- INFO - 用户名 or6FL07J8AeXcejGwN9HIUTvKiQc 以解绑
2018-08-31 12:34:12,856- keyWordDao.py:[line:49]- INFO - 关键字列表已清空
2018-08-31 12:34:12,861- keyWordDao.py:[line:62]- INFO - 关键字绑定添加成功
2018-08-31 12:34:12,866- keyWordDao.py:[line:62]- INFO - 关键字解绑添加成功
2018-08-31 12:34:12,870- keyWordDao.py:[line:62]- INFO - 关键字成绩添加成功
2018-08-31 12:34:12,874- keyWordDao.py:[line:62]- INFO - 关键字你好添加成功
2018-08-31 12:34:12,878- keyWordDao.py:[line:62]- INFO - 关键字subscribe添加成功
2018-08-31 12:34:16,535- userDao.py:[line:34]- INFO - 用户名 or6FL07J8AeXcejGwN9HIUTvKiQc 以解绑
2018-08-31 12:34:19,455- userDao.py:[line:34]- INFO - 用户名 or6FL07J8AeXcejGwN9HIUTvKiQc 以解绑
2018-08-31 12:34:22,032- userDao.py:[line:34]- INFO - 用户名 or6FL07J8AeXcejGwN9HIUTvKiQc 以解绑
2018-08-31 12:35:45,163- userDao.py:[line:34]- INFO - 用户名 or6FL07J8AeXcejGwN9HIUTvKiQc 以解绑
2018-08-31 12:35:51,565- userDao.py:[line:34]- INFO - 用户名 or6FL07J8AeXcejGwN9HIUTvKiQc 以解绑
2018-08-31 12:36:05,741- userDao.py:[line:34]- INFO - 用户名 or6FL07J8AeXcejGwN9HIUTvKiQc 以解绑
2018-08-31 12:36:08,535- userDao.py:[line:34]- INFO - 用户名 or6FL07J8AeXcejGwN9HIUTvKiQc 以解绑
2018-08-31 12:36:28,594- userDao.py:[line:34]- INFO - 用户名 or6FL07J8AeXcejGwN9HIUTvKiQc 以解绑
2018-08-31 12:36:31,135- userDao.py:[line:34]- INFO - 用户名 or6FL07J8AeXcejGwN9HIUTvKiQc 以解绑
2018-08-31 12:36:38,117- userDao.py:[line:34]- INFO - 用户名 or6FL07J8AeXcejGwN9HIUTvKiQc 以解绑
2018-08-31 12:36:57,757- userDao.py:[line:34]- INFO - 用户名 or6FL07J8AeXcejGwN9HIUTvKiQc 以解绑
2018-08-31 12:37:09,934- userDao.py:[line:34]- INFO - 用户名 or6FL07J8AeXcejGwN9HIUTvKiQc 以解绑
2018-08-31 12:38:19,456- userDao.py:[line:34]- INFO - 用户名 or6FL07J8AeXcejGwN9HIUTvKiQc 以解绑
2018-08-31 12:38:23,630- userDao.py:[line:34]- INFO - 用户名 or6FL07J8AeXcejGwN9HIUTvKiQc 以解绑
2018-08-31 12:38:27,811- userDao.py:[line:34]- INFO - 用户名 or6FL07J8AeXcejGwN9HIUTvKiQc 以解绑
2018-08-31 12:38:30,869- userDao.py:[line:34]- INFO - 用户名 or6FL07J8AeXcejGwN9HIUTvKiQc 以解绑
2018-08-31 12:38:49,679- userDao.py:[line:34]- INFO - 用户名 or6FL07J8AeXcejGwN9HIUTvKiQc 以解绑
2018-08-31 12:38:53,232- userDao.py:[line:34]- INFO - 用户名 or6FL07J8AeXcejGwN9HIUTvKiQc 以解绑
2018-08-31 12:38:53,232- userDao.py:[line:79]- ERROR - 用户or6FL07J8AeXcejGwN9HIUTvKiQc未绑定，无法解绑
2018-08-31 12:38:56,278- userDao.py:[line:34]- INFO - 用户名 or6FL07J8AeXcejGwN9HIUTvKiQc 以解绑
2018-08-31 12:43:40,790- userDao.py:[line:34]- INFO - 用户名 or6FL07J8AeXcejGwN9HIUTvKiQc 以解绑
2018-08-31 12:44:10,432- userDao.py:[line:34]- INFO - 用户名 or6FL07J8AeXcejGwN9HIUTvKiQc 以解绑
2018-08-31 12:44:25,155- userDao.py:[line:34]- INFO - 用户名 or6FL07J8AeXcejGwN9HIUTvKiQc 以解绑
2018-08-31 12:44:25,156- userDao.py:[line:79]- ERROR - 用户or6FL07J8AeXcejGwN9HIUTvKiQc未绑定，无法解绑
2018-08-31 12:44:27,559- userDao.py:[line:34]- INFO - 用户名 or6FL07J8AeXcejGwN9HIUTvKiQc 以解绑
2018-08-31 12:44:40,541- userDao.py:[line:34]- INFO - 用户名 or6FL07J8AeXcejGwN9HIUTvKiQc 以解绑
2018-08-31 12:44:45,996- userDao.py:[line:34]- INFO - 用户名 or6FL07J8AeXcejGwN9HIUTvKiQc 以解绑
2018-08-31 12:44:46,006- userDao.py:[line:61]- INFO - 用户or6FL07J8AeXcejGwN9HIUTvKiQc用户绑定成功
2018-08-31 12:44:50,911- userDao.py:[line:31]- INFO - 用户名 or6FL07J8AeXcejGwN9HIUTvKiQc 以绑定
2018-08-31 12:44:50,912- userDao.py:[line:31]- INFO - 用户名 or6FL07J8AeXcejGwN9HIUTvKiQc 以绑定
2018-08-31 12:45:01,196- userDao.py:[line:31]- INFO - 用户名 or6FL07J8AeXcejGwN9HIUTvKiQc 以绑定
2018-08-31 12:45:03,605- userDao.py:[line:31]- INFO - 用户名 or6FL07J8AeXcejGwN9HIUTvKiQc 以绑定
2018-08-31 12:45:05,937- userDao.py:[line:31]- INFO - 用户名 or6FL07J8AeXcejGwN9HIUTvKiQc 以绑定
2018-08-31 12:45:05,941- scoreDao.py:[line:37]- INFO - 用户or6FL07J8AeXcejGwN9HIUTvKiQc今天已经爬取过成绩
2018-08-31 12:45:05,941- scoreDao.py:[line:83]- INFO - 用户or6FL07J8AeXcejGwN9HIUTvKiQc从数据库中取成绩
