2018-08-31 10:24:31,616- userDao.py:[line:31]- INFO - 用户名 or6FL07J8AeXcejGwN9HIUTvKiQc 以绑定
2018-08-31 10:24:31,617- userDao.py:[line:31]- INFO - 用户名 or6FL07J8AeXcejGwN9HIUTvKiQc 以绑定
2018-08-31 10:24:37,624- userDao.py:[line:31]- INFO - 用户名 or6FL07J8AeXcejGwN9HIUTvKiQc 以绑定
2018-08-31 10:24:37,630- userDao.py:[line:76]- INFO - 用户or6FL07J8AeXcejGwN9HIUTvKiQc解绑成功
2018-08-31 10:24:40,423- userDao.py:[line:34]- INFO - 用户名 or6FL07J8AeXcejGwN9HIUTvKiQc 以解绑
2018-08-31 10:25:25,426- userDao.py:[line:34]- INFO - 用户名 or6FL07J8AeXcejGwN9HIUTvKiQc 以解绑
2018-08-31 10:27:10,272- userDao.py:[line:34]- INFO - 用户名 or6FL07J8AeXcejGwN9HIUTvKiQc 以解绑
2018-08-31 10:27:21,665- login.py:[line:43]- WARNING - 代理ip不可用1次
2018-08-31 10:27:28,740- userDao.py:[line:34]- INFO - 用户名 or6FL07J8AeXcejGwN9HIUTvKiQc 以解绑
2018-08-31 10:27:28,748- userDao.py:[line:61]- INFO - 用户or6FL07J8AeXcejGwN9HIUTvKiQc用户绑定成功
2018-08-31 10:27:37,841- userDao.py:[line:31]- INFO - 用户名 or6FL07J8AeXcejGwN9HIUTvKiQc 以绑定
2018-08-31 10:27:37,842- userDao.py:[line:31]- INFO - 用户名 or6FL07J8AeXcejGwN9HIUTvKiQc 以绑定
2018-08-31 10:27:42,946- userDao.py:[line:31]- INFO - 用户名 or6FL07J8AeXcejGwN9HIUTvKiQc 以绑定
2018-08-31 10:27:44,584- userDao.py:[line:31]- INFO - 用户名 or6FL07J8AeXcejGwN9HIUTvKiQc 以绑定
2018-08-31 10:27:44,588- scoreDao.py:[line:37]- INFO - 用户or6FL07J8AeXcejGwN9HIUTvKiQc今天已经爬取过成绩
2018-08-31 10:27:44,588- scoreDao.py:[line:79]- INFO - 用户or6FL07J8AeXcejGwN9HIUTvKiQc从数据库中取成绩
2018-08-31 10:52:02,899- userDao.py:[line:31]- INFO - 用户名 or6FL07J8AeXcejGwN9HIUTvKiQc 以绑定
2018-08-31 10:52:02,899- userDao.py:[line:31]- INFO - 用户名 or6FL07J8AeXcejGwN9HIUTvKiQc 以绑定
2018-08-31 10:58:27,831- userDao.py:[line:31]- INFO - 用户名 or6FL07J8AeXcejGwN9HIUTvKiQc 以绑定
2018-08-31 10:58:27,832- userDao.py:[line:31]- INFO - 用户名 or6FL07J8AeXcejGwN9HIUTvKiQc 以绑定
2018-08-31 10:58:43,428- userDao.py:[line:31]- INFO - 用户名 or6FL07J8AeXcejGwN9HIUTvKiQc 以绑定
2018-08-31 10:58:49,706- userDao.py:[line:31]- INFO - 用户名 or6FL07J8AeXcejGwN9HIUTvKiQc 以绑定
2018-08-31 10:59:35,066- userDao.py:[line:31]- INFO - 用户名 or6FL07J8AeXcejGwN9HIUTvKiQc 以绑定
