2018-08-30 22:24:08,517- userDao.py:[line:31]- INFO - 用户名 or6FL07J8AeXcejGwN9HIUTvKiQc 以绑定
2018-08-30 22:24:08,518- userDao.py:[line:31]- INFO - 用户名 or6FL07J8AeXcejGwN9HIUTvKiQc 以绑定
2018-08-30 22:24:13,216- userDao.py:[line:31]- INFO - 用户名 or6FL07J8AeXcejGwN9HIUTvKiQc 以绑定
2018-08-30 22:24:13,222- userDao.py:[line:73]- INFO - 用户or6FL07J8AeXcejGwN9HIUTvKiQc解绑成功
2018-08-30 22:24:16,299- userDao.py:[line:28]- INFO - 用户名 or6FL07J8AeXcejGwN9HIUTvKiQc 以解绑
2018-08-30 22:24:16,837- userDao.py:[line:28]- INFO - 用户名 or6FL0xFVD-QR-2Taj9b7xDyESIc 以解绑
2018-08-30 22:24:19,757- userDao.py:[line:28]- INFO - 用户名 or6FL0xFVD-QR-2Taj9b7xDyESIc 以解绑
2018-08-30 22:27:49,479- userDao.py:[line:28]- INFO - 用户名 or6FL07J8AeXcejGwN9HIUTvKiQc 以解绑
2018-08-30 22:27:49,486- userDao.py:[line:58]- INFO - 用户or6FL07J8AeXcejGwN9HIUTvKiQc用户绑定成功
2018-08-30 22:28:19,539- userDao.py:[line:31]- INFO - 用户名 or6FL07J8AeXcejGwN9HIUTvKiQc 以绑定
2018-08-30 22:28:21,813- userDao.py:[line:31]- INFO - 用户名 or6FL07J8AeXcejGwN9HIUTvKiQc 以绑定
2018-08-30 22:28:21,814- userDao.py:[line:31]- INFO - 用户名 or6FL07J8AeXcejGwN9HIUTvKiQc 以绑定
2018-08-30 22:28:25,757- userDao.py:[line:31]- INFO - 用户名 or6FL07J8AeXcejGwN9HIUTvKiQc 以绑定
2018-08-30 22:28:25,762- userDao.py:[line:73]- INFO - 用户or6FL07J8AeXcejGwN9HIUTvKiQc解绑成功
2018-08-30 22:28:28,142- userDao.py:[line:28]- INFO - 用户名 or6FL07J8AeXcejGwN9HIUTvKiQc 以解绑
2018-08-30 22:29:04,067- userDao.py:[line:28]- INFO - 用户名 or6FL07J8AeXcejGwN9HIUTvKiQc 以解绑
2018-08-30 22:29:04,073- userDao.py:[line:58]- INFO - 用户or6FL07J8AeXcejGwN9HIUTvKiQc用户绑定成功
2018-08-30 22:29:07,916- userDao.py:[line:31]- INFO - 用户名 or6FL07J8AeXcejGwN9HIUTvKiQc 以绑定
2018-08-30 22:29:09,883- scoreDao.py:[line:59]- INFO - 用户or6FL07J8AeXcejGwN9HIUTvKiQc数据库中无成绩
2018-08-30 22:29:09,884- userDao.py:[line:31]- INFO - 用户名 or6FL07J8AeXcejGwN9HIUTvKiQc 以绑定
2018-08-30 22:29:36,156- scoreDao.py:[line:59]- INFO - 用户or6FL07J8AeXcejGwN9HIUTvKiQc数据库中无成绩
2018-08-30 22:29:36,158- userDao.py:[line:31]- INFO - 用户名 or6FL07J8AeXcejGwN9HIUTvKiQc 以绑定
2018-08-30 22:29:37,683- scoreDao.py:[line:98]- INFO - 用户or6FL07J8AeXcejGwN9HIUTvKiQc成绩插入成功
2018-08-30 22:29:37,685- scoreDao.py:[line:37]- INFO - 用户or6FL07J8AeXcejGwN9HIUTvKiQc今天已经爬取过成绩
2018-08-30 22:29:37,685- scoreDao.py:[line:79]- INFO - 用户or6FL07J8AeXcejGwN9HIUTvKiQc从数据库中取成绩
2018-08-30 22:29:42,443- scoreDao.py:[line:128]- ERROR - 用户or6FL07J8AeXcejGwN9HIUTvKiQc成绩查询失败
2018-08-30 22:29:42,443- scoreDao.py:[line:66]- WARNING - 用户or6FL07J8AeXcejGwN9HIUTvKiQc已爬1次
2018-08-30 22:29:42,445- scoreDao.py:[line:59]- INFO - 用户or6FL07J8AeXcejGwN9HIUTvKiQc数据库中无成绩
2018-08-30 22:29:42,446- userDao.py:[line:31]- INFO - 用户名 or6FL07J8AeXcejGwN9HIUTvKiQc 以绑定
2018-08-30 22:29:44,723- scoreDao.py:[line:101]- INFO - 用户or6FL07J8AeXcejGwN9HIUTvKiQc成绩插入失败
2018-08-30 22:29:44,723- scoreDao.py:[line:66]- WARNING - 用户or6FL07J8AeXcejGwN9HIUTvKiQc已爬2次
2018-08-30 22:29:45,861- scoreDao.py:[line:37]- INFO - 用户or6FL07J8AeXcejGwN9HIUTvKiQc今天已经爬取过成绩
2018-08-30 22:29:45,861- scoreDao.py:[line:79]- INFO - 用户or6FL07J8AeXcejGwN9HIUTvKiQc从数据库中取成绩
2018-08-30 22:29:49,580- userDao.py:[line:31]- INFO - 用户名 or6FL07J8AeXcejGwN9HIUTvKiQc 以绑定
2018-08-30 22:29:49,582- userDao.py:[line:31]- INFO - 用户名 or6FL07J8AeXcejGwN9HIUTvKiQc 以绑定
2018-08-30 22:30:09,358- scoreDao.py:[line:59]- INFO - 用户or6FL07J8AeXcejGwN9HIUTvKiQc数据库中无成绩
2018-08-30 22:30:09,359- userDao.py:[line:31]- INFO - 用户名 or6FL07J8AeXcejGwN9HIUTvKiQc 以绑定
2018-08-30 22:30:20,303- scoreDao.py:[line:101]- INFO - 用户or6FL07J8AeXcejGwN9HIUTvKiQc成绩插入失败
2018-08-30 22:30:20,303- scoreDao.py:[line:66]- WARNING - 用户or6FL07J8AeXcejGwN9HIUTvKiQc已爬1次
2018-08-30 22:31:56,120- userDao.py:[line:28]- INFO - 用户名 or6FL0xFVD-QR-2Taj9b7xDyESIc 以解绑
2018-08-30 22:31:56,126- userDao.py:[line:58]- INFO - 用户or6FL0xFVD-QR-2Taj9b7xDyESIc用户绑定成功
2018-08-30 22:31:58,862- userDao.py:[line:31]- INFO - 用户名 or6FL0xFVD-QR-2Taj9b7xDyESIc 以绑定
2018-08-30 22:31:58,863- userDao.py:[line:55]- ERROR - 用户or6FL0xFVD-QR-2Taj9b7xDyESIc用户绑定失败
2018-08-30 22:33:09,420- userDao.py:[line:28]- INFO - 用户名 or6FL0xFVD-QR-2Taj9b7xDyESIc 以解绑
2018-08-30 22:33:09,427- userDao.py:[line:58]- INFO - 用户or6FL0xFVD-QR-2Taj9b7xDyESIc用户绑定成功
2018-08-30 22:33:21,588- userDao.py:[line:31]- INFO - 用户名 or6FL07J8AeXcejGwN9HIUTvKiQc 以绑定
2018-08-30 22:33:24,925- scoreDao.py:[line:59]- INFO - 用户or6FL07J8AeXcejGwN9HIUTvKiQc数据库中无成绩
2018-08-30 22:33:24,926- userDao.py:[line:31]- INFO - 用户名 or6FL07J8AeXcejGwN9HIUTvKiQc 以绑定
2018-08-30 22:33:26,709- scoreDao.py:[line:101]- INFO - 用户or6FL07J8AeXcejGwN9HIUTvKiQc成绩插入失败
2018-08-30 22:33:26,709- scoreDao.py:[line:66]- WARNING - 用户or6FL07J8AeXcejGwN9HIUTvKiQc已爬1次
2018-08-30 22:34:06,567- userDao.py:[line:31]- INFO - 用户名 or6FL0xFVD-QR-2Taj9b7xDyESIc 以绑定
2018-08-30 22:34:06,567- userDao.py:[line:55]- ERROR - 用户or6FL0xFVD-QR-2Taj9b7xDyESIc用户绑定失败
2018-08-30 22:34:08,469- userDao.py:[line:28]- INFO - 用户名 or6FL0xFVD-QR-2Taj9b7xDyESIc 以解绑
2018-08-30 22:34:08,476- userDao.py:[line:58]- INFO - 用户or6FL0xFVD-QR-2Taj9b7xDyESIc用户绑定成功
2018-08-30 22:34:15,235- userDao.py:[line:31]- INFO - 用户名 or6FL0xFVD-QR-2Taj9b7xDyESIc 以绑定
2018-08-30 22:34:18,269- scoreDao.py:[line:59]- INFO - 用户or6FL0xFVD-QR-2Taj9b7xDyESIc数据库中无成绩
2018-08-30 22:34:18,271- userDao.py:[line:28]- INFO - 用户名 or6FL0xFVD-QR-2Taj9b7xDyESIc 以解绑
2018-08-30 22:34:25,422- userDao.py:[line:28]- INFO - 用户名 or6FL0xFVD-QR-2Taj9b7xDyESIc 以解绑
2018-08-30 22:34:40,283- userDao.py:[line:28]- INFO - 用户名 or6FL0xFVD-QR-2Taj9b7xDyESIc 以解绑
2018-08-30 22:34:40,289- userDao.py:[line:58]- INFO - 用户or6FL0xFVD-QR-2Taj9b7xDyESIc用户绑定成功
2018-08-30 22:34:45,519- userDao.py:[line:31]- INFO - 用户名 or6FL0xFVD-QR-2Taj9b7xDyESIc 以绑定
2018-08-30 22:34:45,519- userDao.py:[line:55]- ERROR - 用户or6FL0xFVD-QR-2Taj9b7xDyESIc用户绑定失败
2018-08-30 22:34:46,711- userDao.py:[line:31]- INFO - 用户名 or6FL0xFVD-QR-2Taj9b7xDyESIc 以绑定
2018-08-30 22:34:46,712- userDao.py:[line:31]- INFO - 用户名 or6FL0xFVD-QR-2Taj9b7xDyESIc 以绑定
2018-08-30 22:34:47,221- scoreDao.py:[line:37]- INFO - 用户or6FL07J8AeXcejGwN9HIUTvKiQc今天已经爬取过成绩
2018-08-30 22:34:47,221- scoreDao.py:[line:79]- INFO - 用户or6FL07J8AeXcejGwN9HIUTvKiQc从数据库中取成绩
2018-08-30 22:34:54,961- userDao.py:[line:31]- INFO - 用户名 or6FL0xFVD-QR-2Taj9b7xDyESIc 以绑定
2018-08-30 22:34:54,962- userDao.py:[line:31]- INFO - 用户名 or6FL0xFVD-QR-2Taj9b7xDyESIc 以绑定
2018-08-30 22:35:03,947- userDao.py:[line:31]- INFO - 用户名 or6FL0xFVD-QR-2Taj9b7xDyESIc 以绑定
2018-08-30 22:35:06,827- scoreDao.py:[line:59]- INFO - 用户or6FL0xFVD-QR-2Taj9b7xDyESIc数据库中无成绩
2018-08-30 22:35:06,829- userDao.py:[line:28]- INFO - 用户名 or6FL0xFVD-QR-2Taj9b7xDyESIc 以解绑
2018-08-30 22:35:21,584- scoreDao.py:[line:59]- INFO - 用户or6FL0xFVD-QR-2Taj9b7xDyESIc数据库中无成绩
2018-08-30 22:35:21,586- userDao.py:[line:31]- INFO - 用户名 or6FL0xFVD-QR-2Taj9b7xDyESIc 以绑定
2018-08-30 22:35:25,731- scoreDao.py:[line:98]- INFO - 用户or6FL0xFVD-QR-2Taj9b7xDyESIc成绩插入成功
2018-08-30 22:35:25,733- scoreDao.py:[line:37]- INFO - 用户or6FL0xFVD-QR-2Taj9b7xDyESIc今天已经爬取过成绩
2018-08-30 22:35:25,733- scoreDao.py:[line:79]- INFO - 用户or6FL0xFVD-QR-2Taj9b7xDyESIc从数据库中取成绩
2018-08-30 22:35:37,289- scoreDao.py:[line:59]- INFO - 用户or6FL0xFVD-QR-2Taj9b7xDyESIc数据库中无成绩
2018-08-30 22:35:37,290- userDao.py:[line:31]- INFO - 用户名 or6FL0xFVD-QR-2Taj9b7xDyESIc 以绑定
2018-08-30 22:35:38,552- scoreDao.py:[line:128]- ERROR - 用户or6FL0xFVD-QR-2Taj9b7xDyESIc成绩查询失败
2018-08-30 22:35:38,553- scoreDao.py:[line:66]- WARNING - 用户or6FL0xFVD-QR-2Taj9b7xDyESIc已爬1次
2018-08-30 22:35:38,555- scoreDao.py:[line:59]- INFO - 用户or6FL0xFVD-QR-2Taj9b7xDyESIc数据库中无成绩
2018-08-30 22:35:38,557- userDao.py:[line:31]- INFO - 用户名 or6FL0xFVD-QR-2Taj9b7xDyESIc 以绑定
2018-08-30 22:35:42,782- scoreDao.py:[line:101]- INFO - 用户or6FL0xFVD-QR-2Taj9b7xDyESIc成绩插入失败
2018-08-30 22:35:42,782- scoreDao.py:[line:66]- WARNING - 用户or6FL0xFVD-QR-2Taj9b7xDyESIc已爬2次
2018-08-30 22:35:58,409- scoreDao.py:[line:37]- INFO - 用户or6FL07J8AeXcejGwN9HIUTvKiQc今天已经爬取过成绩
2018-08-30 22:35:58,410- scoreDao.py:[line:79]- INFO - 用户or6FL07J8AeXcejGwN9HIUTvKiQc从数据库中取成绩
2018-08-30 22:36:00,953- scoreDao.py:[line:37]- INFO - 用户or6FL07J8AeXcejGwN9HIUTvKiQc今天已经爬取过成绩
2018-08-30 22:36:00,953- scoreDao.py:[line:79]- INFO - 用户or6FL07J8AeXcejGwN9HIUTvKiQc从数据库中取成绩
2018-08-30 22:36:07,122- scoreDao.py:[line:59]- INFO - 用户or6FL0xFVD-QR-2Taj9b7xDyESIc数据库中无成绩
2018-08-30 22:36:07,123- userDao.py:[line:31]- INFO - 用户名 or6FL0xFVD-QR-2Taj9b7xDyESIc 以绑定
2018-08-30 22:36:16,444- scoreDao.py:[line:101]- INFO - 用户or6FL0xFVD-QR-2Taj9b7xDyESIc成绩插入失败
2018-08-30 22:36:16,444- scoreDao.py:[line:66]- WARNING - 用户or6FL0xFVD-QR-2Taj9b7xDyESIc已爬1次
2018-08-30 22:37:17,593- scoreDao.py:[line:59]- INFO - 用户or6FL0xFVD-QR-2Taj9b7xDyESIc数据库中无成绩
2018-08-30 22:37:17,594- userDao.py:[line:31]- INFO - 用户名 or6FL0xFVD-QR-2Taj9b7xDyESIc 以绑定
2018-08-30 22:37:44,842- scoreDao.py:[line:59]- INFO - 用户or6FL07J8AeXcejGwN9HIUTvKiQc数据库中无成绩
2018-08-30 22:37:44,843- userDao.py:[line:31]- INFO - 用户名 or6FL07J8AeXcejGwN9HIUTvKiQc 以绑定
2018-08-30 22:37:47,855- scoreDao.py:[line:128]- ERROR - 用户or6FL0xFVD-QR-2Taj9b7xDyESIc成绩查询失败
2018-08-30 22:37:47,855- scoreDao.py:[line:66]- WARNING - 用户or6FL0xFVD-QR-2Taj9b7xDyESIc已爬1次
2018-08-30 22:37:47,858- scoreDao.py:[line:59]- INFO - 用户or6FL0xFVD-QR-2Taj9b7xDyESIc数据库中无成绩
2018-08-30 22:37:47,859- userDao.py:[line:31]- INFO - 用户名 or6FL0xFVD-QR-2Taj9b7xDyESIc 以绑定
2018-08-30 22:38:05,921- userDao.py:[line:31]- INFO - 用户名 or6FL0xFVD-QR-2Taj9b7xDyESIc 以绑定
2018-08-30 22:38:12,830- scoreDao.py:[line:59]- INFO - 用户or6FL0xFVD-QR-2Taj9b7xDyESIc数据库中无成绩
2018-08-30 22:38:12,831- userDao.py:[line:31]- INFO - 用户名 or6FL0xFVD-QR-2Taj9b7xDyESIc 以绑定
2018-08-30 22:38:37,555- userDao.py:[line:31]- INFO - 用户名 or6FL07J8AeXcejGwN9HIUTvKiQc 以绑定
2018-08-30 22:38:37,557- userDao.py:[line:31]- INFO - 用户名 or6FL07J8AeXcejGwN9HIUTvKiQc 以绑定
2018-08-30 22:38:45,322- scoreDao.py:[line:128]- ERROR - 用户or6FL0xFVD-QR-2Taj9b7xDyESIc成绩查询失败
2018-08-30 22:38:45,322- scoreDao.py:[line:66]- WARNING - 用户or6FL0xFVD-QR-2Taj9b7xDyESIc已爬1次
2018-08-30 22:38:45,325- scoreDao.py:[line:59]- INFO - 用户or6FL0xFVD-QR-2Taj9b7xDyESIc数据库中无成绩
2018-08-30 22:38:45,326- userDao.py:[line:31]- INFO - 用户名 or6FL0xFVD-QR-2Taj9b7xDyESIc 以绑定
2018-08-30 22:38:50,287- scoreDao.py:[line:101]- INFO - 用户or6FL0xFVD-QR-2Taj9b7xDyESIc成绩插入失败
2018-08-30 22:38:50,287- scoreDao.py:[line:66]- WARNING - 用户or6FL0xFVD-QR-2Taj9b7xDyESIc已爬2次
2018-08-30 22:39:05,302- userDao.py:[line:31]- INFO - 用户名 or6FL0xFVD-QR-2Taj9b7xDyESIc 以绑定
2018-08-30 22:39:05,303- userDao.py:[line:31]- INFO - 用户名 or6FL0xFVD-QR-2Taj9b7xDyESIc 以绑定
2018-08-30 22:39:59,721- userDao.py:[line:31]- INFO - 用户名 or6FL07J8AeXcejGwN9HIUTvKiQc 以绑定
2018-08-30 22:40:01,573- scoreDao.py:[line:37]- INFO - 用户or6FL07J8AeXcejGwN9HIUTvKiQc今天已经爬取过成绩
2018-08-30 22:40:01,573- scoreDao.py:[line:79]- INFO - 用户or6FL07J8AeXcejGwN9HIUTvKiQc从数据库中取成绩
2018-08-30 22:40:07,726- scoreDao.py:[line:37]- INFO - 用户or6FL07J8AeXcejGwN9HIUTvKiQc今天已经爬取过成绩
2018-08-30 22:40:07,726- scoreDao.py:[line:79]- INFO - 用户or6FL07J8AeXcejGwN9HIUTvKiQc从数据库中取成绩
2018-08-30 22:40:09,707- scoreDao.py:[line:37]- INFO - 用户or6FL07J8AeXcejGwN9HIUTvKiQc今天已经爬取过成绩
2018-08-30 22:40:09,707- scoreDao.py:[line:79]- INFO - 用户or6FL07J8AeXcejGwN9HIUTvKiQc从数据库中取成绩
2018-08-30 22:40:11,772- scoreDao.py:[line:37]- INFO - 用户or6FL07J8AeXcejGwN9HIUTvKiQc今天已经爬取过成绩
2018-08-30 22:40:11,772- scoreDao.py:[line:79]- INFO - 用户or6FL07J8AeXcejGwN9HIUTvKiQc从数据库中取成绩
2018-08-30 22:40:19,437- userDao.py:[line:31]- INFO - 用户名 or6FL07J8AeXcejGwN9HIUTvKiQc 以绑定
2018-08-30 22:40:19,444- userDao.py:[line:73]- INFO - 用户or6FL07J8AeXcejGwN9HIUTvKiQc解绑成功
2018-08-30 22:40:22,373- userDao.py:[line:28]- INFO - 用户名 or6FL07J8AeXcejGwN9HIUTvKiQc 以解绑
2018-08-30 22:40:22,374- userDao.py:[line:76]- ERROR - 用户or6FL07J8AeXcejGwN9HIUTvKiQc未绑定，无法解绑
2018-08-30 22:40:25,288- userDao.py:[line:28]- INFO - 用户名 or6FL07J8AeXcejGwN9HIUTvKiQc 以解绑
2018-08-30 22:40:43,541- userDao.py:[line:28]- INFO - 用户名 or6FL07J8AeXcejGwN9HIUTvKiQc 以解绑
2018-08-30 22:40:43,547- userDao.py:[line:58]- INFO - 用户or6FL07J8AeXcejGwN9HIUTvKiQc用户绑定成功
2018-08-30 22:40:47,186- userDao.py:[line:31]- INFO - 用户名 or6FL07J8AeXcejGwN9HIUTvKiQc 以绑定
2018-08-30 22:40:50,134- scoreDao.py:[line:37]- INFO - 用户or6FL07J8AeXcejGwN9HIUTvKiQc今天已经爬取过成绩
2018-08-30 22:40:50,134- scoreDao.py:[line:79]- INFO - 用户or6FL07J8AeXcejGwN9HIUTvKiQc从数据库中取成绩
2018-08-30 22:41:21,714- userDao.py:[line:31]- INFO - 用户名 or6FL0xFVD-QR-2Taj9b7xDyESIc 以绑定
2018-08-30 22:41:24,341- scoreDao.py:[line:37]- INFO - 用户or6FL0xFVD-QR-2Taj9b7xDyESIc今天已经爬取过成绩
2018-08-30 22:41:24,341- scoreDao.py:[line:79]- INFO - 用户or6FL0xFVD-QR-2Taj9b7xDyESIc从数据库中取成绩
2018-08-30 22:41:34,653- scoreDao.py:[line:37]- INFO - 用户or6FL0xFVD-QR-2Taj9b7xDyESIc今天已经爬取过成绩
2018-08-30 22:41:34,653- scoreDao.py:[line:79]- INFO - 用户or6FL0xFVD-QR-2Taj9b7xDyESIc从数据库中取成绩
2018-08-30 22:41:39,372- scoreDao.py:[line:37]- INFO - 用户or6FL0xFVD-QR-2Taj9b7xDyESIc今天已经爬取过成绩
2018-08-30 22:41:39,372- scoreDao.py:[line:79]- INFO - 用户or6FL0xFVD-QR-2Taj9b7xDyESIc从数据库中取成绩
2018-08-30 22:41:52,654- scoreDao.py:[line:37]- INFO - 用户or6FL0xFVD-QR-2Taj9b7xDyESIc今天已经爬取过成绩
2018-08-30 22:41:52,654- scoreDao.py:[line:79]- INFO - 用户or6FL0xFVD-QR-2Taj9b7xDyESIc从数据库中取成绩
2018-08-30 22:43:54,137- userDao.py:[line:31]- INFO - 用户名 or6FL0xFVD-QR-2Taj9b7xDyESIc 以绑定
2018-08-30 22:43:54,141- userDao.py:[line:73]- INFO - 用户or6FL0xFVD-QR-2Taj9b7xDyESIc解绑成功
2018-08-30 22:44:03,286- userDao.py:[line:31]- INFO - 用户名 or6FL0xFVD-QR-2Taj9b7xDyESIc 以绑定
2018-08-30 22:44:03,288- userDao.py:[line:31]- INFO - 用户名 or6FL0xFVD-QR-2Taj9b7xDyESIc 以绑定
2018-08-30 22:44:13,440- userDao.py:[line:31]- INFO - 用户名 or6FL0xFVD-QR-2Taj9b7xDyESIc 以绑定
2018-08-30 22:44:13,441- userDao.py:[line:31]- INFO - 用户名 or6FL0xFVD-QR-2Taj9b7xDyESIc 以绑定
2018-08-30 22:44:17,078- userDao.py:[line:31]- INFO - 用户名 or6FL0xFVD-QR-2Taj9b7xDyESIc 以绑定
2018-08-30 22:44:17,083- userDao.py:[line:73]- INFO - 用户or6FL0xFVD-QR-2Taj9b7xDyESIc解绑成功
2018-08-30 22:44:19,725- userDao.py:[line:31]- INFO - 用户名 or6FL0xFVD-QR-2Taj9b7xDyESIc 以绑定
2018-08-30 22:44:19,726- userDao.py:[line:31]- INFO - 用户名 or6FL0xFVD-QR-2Taj9b7xDyESIc 以绑定
2018-08-30 22:44:24,510- userDao.py:[line:28]- INFO - 用户名 or6FL0xFVD-QR-2Taj9b7xDyESIc 以解绑
2018-08-30 22:46:12,939- userDao.py:[line:31]- INFO - 用户名 or6FL07J8AeXcejGwN9HIUTvKiQc 以绑定
2018-08-30 22:46:12,940- userDao.py:[line:31]- INFO - 用户名 or6FL07J8AeXcejGwN9HIUTvKiQc 以绑定
2018-08-30 22:46:22,894- userDao.py:[line:31]- INFO - 用户名 or6FL07J8AeXcejGwN9HIUTvKiQc 以绑定
2018-08-30 22:46:22,896- userDao.py:[line:31]- INFO - 用户名 or6FL07J8AeXcejGwN9HIUTvKiQc 以绑定
2018-08-30 22:46:25,631- userDao.py:[line:31]- INFO - 用户名 or6FL07J8AeXcejGwN9HIUTvKiQc 以绑定
2018-08-30 22:46:25,636- userDao.py:[line:73]- INFO - 用户or6FL07J8AeXcejGwN9HIUTvKiQc解绑成功
2018-08-30 22:46:28,390- userDao.py:[line:31]- INFO - 用户名 or6FL07J8AeXcejGwN9HIUTvKiQc 以绑定
2018-08-30 22:46:28,391- userDao.py:[line:31]- INFO - 用户名 or6FL07J8AeXcejGwN9HIUTvKiQc 以绑定
2018-08-30 22:46:32,747- userDao.py:[line:28]- INFO - 用户名 or6FL07J8AeXcejGwN9HIUTvKiQc 以解绑
2018-08-30 22:46:42,056- userDao.py:[line:28]- INFO - 用户名 or6FL07J8AeXcejGwN9HIUTvKiQc 以解绑
2018-08-30 22:46:48,706- userDao.py:[line:31]- INFO - 用户名 or6FL07J8AeXcejGwN9HIUTvKiQc 以绑定
2018-08-30 22:48:31,939- scoreDao.py:[line:37]- INFO - 用户or6FL07J8AeXcejGwN9HIUTvKiQc今天已经爬取过成绩
2018-08-30 22:48:31,939- scoreDao.py:[line:79]- INFO - 用户or6FL07J8AeXcejGwN9HIUTvKiQc从数据库中取成绩
2018-08-30 22:48:40,265- userDao.py:[line:31]- INFO - 用户名 or6FL07J8AeXcejGwN9HIUTvKiQc 以绑定
2018-08-30 22:48:40,269- userDao.py:[line:73]- INFO - 用户or6FL07J8AeXcejGwN9HIUTvKiQc解绑成功
2018-08-30 22:48:42,519- scoreDao.py:[line:37]- INFO - 用户or6FL07J8AeXcejGwN9HIUTvKiQc今天已经爬取过成绩
2018-08-30 22:48:42,519- scoreDao.py:[line:79]- INFO - 用户or6FL07J8AeXcejGwN9HIUTvKiQc从数据库中取成绩
2018-08-30 22:49:09,328- scoreDao.py:[line:37]- INFO - 用户or6FL07J8AeXcejGwN9HIUTvKiQc今天已经爬取过成绩
2018-08-30 22:49:09,328- scoreDao.py:[line:79]- INFO - 用户or6FL07J8AeXcejGwN9HIUTvKiQc从数据库中取成绩
2018-08-30 22:55:17,890- userDao.py:[line:28]- INFO - 用户名 or6FL07J8AeXcejGwN9HIUTvKiQc 以解绑
2018-08-30 22:55:20,894- userDao.py:[line:28]- INFO - 用户名 or6FL07J8AeXcejGwN9HIUTvKiQc 以解绑
2018-08-30 22:55:25,274- userDao.py:[line:28]- INFO - 用户名 or6FL07J8AeXcejGwN9HIUTvKiQc 以解绑
2018-08-30 22:55:32,832- userDao.py:[line:28]- INFO - 用户名 or6FL07J8AeXcejGwN9HIUTvKiQc 以解绑
2018-08-30 22:55:32,839- userDao.py:[line:58]- INFO - 用户or6FL07J8AeXcejGwN9HIUTvKiQc用户绑定成功
2018-08-30 22:55:38,417- userDao.py:[line:31]- INFO - 用户名 or6FL07J8AeXcejGwN9HIUTvKiQc 以绑定
2018-08-30 22:55:38,417- userDao.py:[line:55]- ERROR - 用户or6FL07J8AeXcejGwN9HIUTvKiQc用户绑定失败
2018-08-30 22:55:49,161- userDao.py:[line:31]- INFO - 用户名 or6FL07J8AeXcejGwN9HIUTvKiQc 以绑定
2018-08-30 22:55:49,161- userDao.py:[line:55]- ERROR - 用户or6FL07J8AeXcejGwN9HIUTvKiQc用户绑定失败
2018-08-30 22:55:55,253- userDao.py:[line:31]- INFO - 用户名 or6FL07J8AeXcejGwN9HIUTvKiQc 以绑定
2018-08-30 22:55:55,253- userDao.py:[line:55]- ERROR - 用户or6FL07J8AeXcejGwN9HIUTvKiQc用户绑定失败
2018-08-30 22:56:00,732- userDao.py:[line:31]- INFO - 用户名 or6FL07J8AeXcejGwN9HIUTvKiQc 以绑定
2018-08-30 22:56:02,637- userDao.py:[line:31]- INFO - 用户名 or6FL07J8AeXcejGwN9HIUTvKiQc 以绑定
2018-08-30 22:56:02,640- scoreDao.py:[line:37]- INFO - 用户or6FL07J8AeXcejGwN9HIUTvKiQc今天已经爬取过成绩
2018-08-30 22:56:02,640- scoreDao.py:[line:79]- INFO - 用户or6FL07J8AeXcejGwN9HIUTvKiQc从数据库中取成绩
2018-08-30 22:56:05,080- userDao.py:[line:31]- INFO - 用户名 or6FL07J8AeXcejGwN9HIUTvKiQc 以绑定
2018-08-30 22:56:05,081- userDao.py:[line:31]- INFO - 用户名 or6FL07J8AeXcejGwN9HIUTvKiQc 以绑定
2018-08-30 22:56:16,971- userDao.py:[line:31]- INFO - 用户名 or6FL07J8AeXcejGwN9HIUTvKiQc 以绑定
2018-08-30 22:56:16,973- scoreDao.py:[line:37]- INFO - 用户or6FL07J8AeXcejGwN9HIUTvKiQc今天已经爬取过成绩
2018-08-30 22:56:16,973- scoreDao.py:[line:79]- INFO - 用户or6FL07J8AeXcejGwN9HIUTvKiQc从数据库中取成绩
2018-08-30 22:56:19,144- userDao.py:[line:31]- INFO - 用户名 or6FL07J8AeXcejGwN9HIUTvKiQc 以绑定
2018-08-30 22:56:19,148- userDao.py:[line:73]- INFO - 用户or6FL07J8AeXcejGwN9HIUTvKiQc解绑成功
2018-08-30 22:56:21,256- userDao.py:[line:31]- INFO - 用户名 or6FL07J8AeXcejGwN9HIUTvKiQc 以绑定
2018-08-30 22:56:21,258- scoreDao.py:[line:37]- INFO - 用户or6FL07J8AeXcejGwN9HIUTvKiQc今天已经爬取过成绩
2018-08-30 22:56:21,258- scoreDao.py:[line:79]- INFO - 用户or6FL07J8AeXcejGwN9HIUTvKiQc从数据库中取成绩
2018-08-30 22:56:24,948- userDao.py:[line:31]- INFO - 用户名 or6FL07J8AeXcejGwN9HIUTvKiQc 以绑定
2018-08-30 22:56:24,950- scoreDao.py:[line:37]- INFO - 用户or6FL07J8AeXcejGwN9HIUTvKiQc今天已经爬取过成绩
2018-08-30 22:56:24,950- scoreDao.py:[line:79]- INFO - 用户or6FL07J8AeXcejGwN9HIUTvKiQc从数据库中取成绩
2018-08-30 22:56:28,203- userDao.py:[line:28]- INFO - 用户名 or6FL07J8AeXcejGwN9HIUTvKiQc 以解绑
2018-08-30 22:56:28,203- userDao.py:[line:76]- ERROR - 用户or6FL07J8AeXcejGwN9HIUTvKiQc未绑定，无法解绑
2018-08-30 22:56:34,142- userDao.py:[line:31]- INFO - 用户名 or6FL07J8AeXcejGwN9HIUTvKiQc 以绑定
2018-08-30 22:56:34,144- scoreDao.py:[line:37]- INFO - 用户or6FL07J8AeXcejGwN9HIUTvKiQc今天已经爬取过成绩
2018-08-30 22:56:34,144- scoreDao.py:[line:79]- INFO - 用户or6FL07J8AeXcejGwN9HIUTvKiQc从数据库中取成绩
2018-08-30 22:56:37,650- userDao.py:[line:31]- INFO - 用户名 or6FL07J8AeXcejGwN9HIUTvKiQc 以绑定
2018-08-30 22:56:41,916- userDao.py:[line:31]- INFO - 用户名 or6FL07J8AeXcejGwN9HIUTvKiQc 以绑定
2018-08-30 22:56:41,918- scoreDao.py:[line:37]- INFO - 用户or6FL07J8AeXcejGwN9HIUTvKiQc今天已经爬取过成绩
2018-08-30 22:56:41,918- scoreDao.py:[line:79]- INFO - 用户or6FL07J8AeXcejGwN9HIUTvKiQc从数据库中取成绩
2018-08-30 22:56:44,528- userDao.py:[line:31]- INFO - 用户名 or6FL07J8AeXcejGwN9HIUTvKiQc 以绑定
2018-08-30 22:56:44,530- scoreDao.py:[line:37]- INFO - 用户or6FL07J8AeXcejGwN9HIUTvKiQc今天已经爬取过成绩
2018-08-30 22:56:44,530- scoreDao.py:[line:79]- INFO - 用户or6FL07J8AeXcejGwN9HIUTvKiQc从数据库中取成绩
2018-08-30 22:56:53,700- userDao.py:[line:31]- INFO - 用户名 or6FL07J8AeXcejGwN9HIUTvKiQc 以绑定
2018-08-30 22:56:55,680- userDao.py:[line:31]- INFO - 用户名 or6FL07J8AeXcejGwN9HIUTvKiQc 以绑定
2018-08-30 22:56:55,682- scoreDao.py:[line:37]- INFO - 用户or6FL07J8AeXcejGwN9HIUTvKiQc今天已经爬取过成绩
2018-08-30 22:56:55,682- scoreDao.py:[line:79]- INFO - 用户or6FL07J8AeXcejGwN9HIUTvKiQc从数据库中取成绩
2018-08-30 22:57:00,325- userDao.py:[line:31]- INFO - 用户名 or6FL07J8AeXcejGwN9HIUTvKiQc 以绑定
2018-08-30 22:57:09,659- userDao.py:[line:31]- INFO - 用户名 or6FL07J8AeXcejGwN9HIUTvKiQc 以绑定
2018-08-30 22:57:09,664- userDao.py:[line:73]- INFO - 用户or6FL07J8AeXcejGwN9HIUTvKiQc解绑成功
2018-08-30 22:57:12,809- userDao.py:[line:28]- INFO - 用户名 or6FL07J8AeXcejGwN9HIUTvKiQc 以解绑
2018-08-30 22:57:14,961- userDao.py:[line:31]- INFO - 用户名 or6FL07J8AeXcejGwN9HIUTvKiQc 以绑定
2018-08-30 22:57:14,963- scoreDao.py:[line:37]- INFO - 用户or6FL07J8AeXcejGwN9HIUTvKiQc今天已经爬取过成绩
2018-08-30 22:57:14,963- scoreDao.py:[line:79]- INFO - 用户or6FL07J8AeXcejGwN9HIUTvKiQc从数据库中取成绩
2018-08-30 22:57:17,532- userDao.py:[line:28]- INFO - 用户名 or6FL07J8AeXcejGwN9HIUTvKiQc 以解绑
2018-08-30 22:57:19,897- userDao.py:[line:31]- INFO - 用户名 or6FL07J8AeXcejGwN9HIUTvKiQc 以绑定
2018-08-30 22:57:19,899- scoreDao.py:[line:37]- INFO - 用户or6FL07J8AeXcejGwN9HIUTvKiQc今天已经爬取过成绩
2018-08-30 22:57:19,899- scoreDao.py:[line:79]- INFO - 用户or6FL07J8AeXcejGwN9HIUTvKiQc从数据库中取成绩
2018-08-30 22:57:24,237- userDao.py:[line:31]- INFO - 用户名 or6FL07J8AeXcejGwN9HIUTvKiQc 以绑定
2018-08-30 22:57:24,239- scoreDao.py:[line:37]- INFO - 用户or6FL07J8AeXcejGwN9HIUTvKiQc今天已经爬取过成绩
2018-08-30 22:57:24,239- scoreDao.py:[line:79]- INFO - 用户or6FL07J8AeXcejGwN9HIUTvKiQc从数据库中取成绩
2018-08-30 22:57:27,437- userDao.py:[line:31]- INFO - 用户名 or6FL07J8AeXcejGwN9HIUTvKiQc 以绑定
2018-08-30 22:57:27,439- scoreDao.py:[line:37]- INFO - 用户or6FL07J8AeXcejGwN9HIUTvKiQc今天已经爬取过成绩
2018-08-30 22:57:27,439- scoreDao.py:[line:79]- INFO - 用户or6FL07J8AeXcejGwN9HIUTvKiQc从数据库中取成绩
2018-08-30 22:57:45,214- userDao.py:[line:28]- INFO - 用户名 or6FL07J8AeXcejGwN9HIUTvKiQc 以解绑
2018-08-30 22:57:53,571- userDao.py:[line:28]- INFO - 用户名 or6FL07J8AeXcejGwN9HIUTvKiQc 以解绑
2018-08-30 22:58:24,140- userDao.py:[line:31]- INFO - 用户名 or6FL07J8AeXcejGwN9HIUTvKiQc 以绑定
2018-08-30 22:58:24,142- scoreDao.py:[line:37]- INFO - 用户or6FL07J8AeXcejGwN9HIUTvKiQc今天已经爬取过成绩
2018-08-30 22:58:24,142- scoreDao.py:[line:79]- INFO - 用户or6FL07J8AeXcejGwN9HIUTvKiQc从数据库中取成绩
2018-08-30 22:58:48,761- userDao.py:[line:31]- INFO - 用户名 or6FL07J8AeXcejGwN9HIUTvKiQc 以绑定
2018-08-30 22:58:48,763- scoreDao.py:[line:37]- INFO - 用户or6FL07J8AeXcejGwN9HIUTvKiQc今天已经爬取过成绩
2018-08-30 22:58:48,763- scoreDao.py:[line:79]- INFO - 用户or6FL07J8AeXcejGwN9HIUTvKiQc从数据库中取成绩
2018-08-30 23:00:18,807- userDao.py:[line:31]- INFO - 用户名 or6FL07J8AeXcejGwN9HIUTvKiQc 以绑定
2018-08-30 23:00:18,809- scoreDao.py:[line:37]- INFO - 用户or6FL07J8AeXcejGwN9HIUTvKiQc今天已经爬取过成绩
2018-08-30 23:00:18,809- scoreDao.py:[line:79]- INFO - 用户or6FL07J8AeXcejGwN9HIUTvKiQc从数据库中取成绩
2018-08-30 23:00:32,899- userDao.py:[line:31]- INFO - 用户名 or6FL07J8AeXcejGwN9HIUTvKiQc 以绑定
2018-08-30 23:00:32,900- userDao.py:[line:31]- INFO - 用户名 or6FL07J8AeXcejGwN9HIUTvKiQc 以绑定
2018-08-30 23:00:40,964- userDao.py:[line:31]- INFO - 用户名 or6FL07J8AeXcejGwN9HIUTvKiQc 以绑定
2018-08-30 23:00:40,966- userDao.py:[line:31]- INFO - 用户名 or6FL07J8AeXcejGwN9HIUTvKiQc 以绑定
2018-08-30 23:00:44,093- userDao.py:[line:28]- INFO - 用户名 or6FL07J8AeXcejGwN9HIUTvKiQc 以解绑
2018-08-30 23:00:44,093- userDao.py:[line:76]- ERROR - 用户or6FL07J8AeXcejGwN9HIUTvKiQc未绑定，无法解绑
2018-08-30 23:00:47,824- userDao.py:[line:28]- INFO - 用户名 or6FL07J8AeXcejGwN9HIUTvKiQc 以解绑
2018-08-30 23:00:47,824- userDao.py:[line:76]- ERROR - 用户or6FL07J8AeXcejGwN9HIUTvKiQc未绑定，无法解绑
2018-08-30 23:00:52,979- userDao.py:[line:28]- INFO - 用户名 or6FL07J8AeXcejGwN9HIUTvKiQc 以解绑
2018-08-30 23:00:52,979- userDao.py:[line:76]- ERROR - 用户or6FL07J8AeXcejGwN9HIUTvKiQc未绑定，无法解绑
2018-08-30 23:01:00,789- userDao.py:[line:31]- INFO - 用户名 or6FL07J8AeXcejGwN9HIUTvKiQc 以绑定
2018-08-30 23:01:00,790- userDao.py:[line:31]- INFO - 用户名 or6FL07J8AeXcejGwN9HIUTvKiQc 以绑定
2018-08-30 23:01:06,762- userDao.py:[line:28]- INFO - 用户名 or6FL07J8AeXcejGwN9HIUTvKiQc 以解绑
2018-08-30 23:02:45,886- userDao.py:[line:31]- INFO - 用户名 or6FL07J8AeXcejGwN9HIUTvKiQc 以绑定
2018-08-30 23:02:45,887- userDao.py:[line:31]- INFO - 用户名 or6FL07J8AeXcejGwN9HIUTvKiQc 以绑定
2018-08-30 23:02:49,521- userDao.py:[line:31]- INFO - 用户名 or6FL07J8AeXcejGwN9HIUTvKiQc 以绑定
2018-08-30 23:02:49,526- userDao.py:[line:73]- INFO - 用户or6FL07J8AeXcejGwN9HIUTvKiQc解绑成功
2018-08-30 23:02:55,573- userDao.py:[line:31]- INFO - 用户名 or6FL07J8AeXcejGwN9HIUTvKiQc 以绑定
2018-08-30 23:02:55,575- userDao.py:[line:31]- INFO - 用户名 or6FL07J8AeXcejGwN9HIUTvKiQc 以绑定
2018-08-30 23:03:18,120- userDao.py:[line:31]- INFO - 用户名 or6FL07J8AeXcejGwN9HIUTvKiQc 以绑定
2018-08-30 23:03:18,121- userDao.py:[line:31]- INFO - 用户名 or6FL07J8AeXcejGwN9HIUTvKiQc 以绑定
2018-08-30 23:06:10,362- userDao.py:[line:28]- INFO - 用户名 or6FL07J8AeXcejGwN9HIUTvKiQc 以解绑
2018-08-30 23:08:45,375- userDao.py:[line:28]- INFO - 用户名 or6FL07J8AeXcejGwN9HIUTvKiQc 以解绑
2018-08-30 23:09:01,241- userDao.py:[line:31]- INFO - 用户名 or6FL07J8AeXcejGwN9HIUTvKiQc 以绑定
2018-08-30 23:09:03,905- userDao.py:[line:28]- INFO - 用户名 or6FL07J8AeXcejGwN9HIUTvKiQc 以解绑
2018-08-30 23:09:28,440- userDao.py:[line:31]- INFO - 用户名 or6FL07J8AeXcejGwN9HIUTvKiQc 以绑定
2018-08-30 23:09:28,441- userDao.py:[line:31]- INFO - 用户名 or6FL07J8AeXcejGwN9HIUTvKiQc 以绑定
2018-08-30 23:09:52,069- userDao.py:[line:31]- INFO - 用户名 or6FL07J8AeXcejGwN9HIUTvKiQc 以绑定
2018-08-30 23:09:52,070- userDao.py:[line:31]- INFO - 用户名 or6FL07J8AeXcejGwN9HIUTvKiQc 以绑定
2018-08-30 23:11:56,192- userDao.py:[line:28]- INFO - 用户名 or6FL07J8AeXcejGwN9HIUTvKiQc 以解绑
2018-08-30 23:12:04,181- userDao.py:[line:28]- INFO - 用户名 or6FL07J8AeXcejGwN9HIUTvKiQc 以解绑
2018-08-30 23:12:08,669- userDao.py:[line:28]- INFO - 用户名 or6FL07J8AeXcejGwN9HIUTvKiQc 以解绑
2018-08-30 23:12:14,230- userDao.py:[line:31]- INFO - 用户名 or6FL07J8AeXcejGwN9HIUTvKiQc 以绑定
2018-08-30 23:12:14,232- userDao.py:[line:31]- INFO - 用户名 or6FL07J8AeXcejGwN9HIUTvKiQc 以绑定
