2018-08-30 00:00:17,893- userDao.py:[line:32]- INFO - 用户名 oErKPvxKm3-DvHFPjrV-Y67aXsj8 以绑定
2018-08-30 00:00:17,894- userDao.py:[line:32]- INFO - 用户名 oErKPvxKm3-DvHFPjrV-Y67aXsj8 以绑定
2018-08-30 00:00:24,954- userDao.py:[line:32]- INFO - 用户名 oErKPvxKm3-DvHFPjrV-Y67aXsj8 以绑定
2018-08-30 00:00:24,960- userDao.py:[line:74]- INFO - 用户oErKPvxKm3-DvHFPjrV-Y67aXsj8解绑成功
2018-08-30 00:00:27,483- userDao.py:[line:29]- INFO - 用户名 oErKPvxKm3-DvHFPjrV-Y67aXsj8 以解绑
2018-08-30 00:00:30,776- userDao.py:[line:29]- INFO - 用户名 oErKPvxKm3-DvHFPjrV-Y67aXsj8 以解绑
2018-08-30 00:00:30,776- userDao.py:[line:77]- ERROR - 用户oErKPvxKm3-DvHFPjrV-Y67aXsj8未绑定，无法解绑
2018-08-30 00:00:34,143- userDao.py:[line:29]- INFO - 用户名 oErKPvxKm3-DvHFPjrV-Y67aXsj8 以解绑
2018-08-30 00:00:37,195- userDao.py:[line:29]- INFO - 用户名 oErKPvxKm3-DvHFPjrV-Y67aXsj8 以解绑
2018-08-30 00:00:41,282- userDao.py:[line:32]- INFO - 用户名 oErKPvxKm3-DvHFPjrV-Y67aXsj8 以绑定
2018-08-30 00:00:41,282- userDao.py:[line:56]- ERROR - 用户oErKPvxKm3-DvHFPjrV-Y67aXsj8用户绑定失败
2018-08-30 00:00:44,133- userDao.py:[line:29]- INFO - 用户名 oErKPvxKm3-DvHFPjrV-Y67aXsj8 以解绑
2018-08-30 00:00:44,139- userDao.py:[line:59]- INFO - 用户oErKPvxKm3-DvHFPjrV-Y67aXsj8用户绑定成功
2018-08-30 00:00:48,390- userDao.py:[line:29]- INFO - 用户名 oErKPvxKm3-DvHFPjrV-Y67aXsj8 以解绑
2018-08-30 00:00:55,434- userDao.py:[line:32]- INFO - 用户名 oErKPvxKm3-DvHFPjrV-Y67aXsj8 以绑定
2018-08-30 00:00:55,435- userDao.py:[line:32]- INFO - 用户名 oErKPvxKm3-DvHFPjrV-Y67aXsj8 以绑定
2018-08-30 00:01:03,850- userDao.py:[line:32]- INFO - 用户名 oErKPvxKm3-DvHFPjrV-Y67aXsj8 以绑定
2018-08-30 00:01:06,084- userDao.py:[line:32]- INFO - 用户名 oErKPvxKm3-DvHFPjrV-Y67aXsj8 以绑定
2018-08-30 00:01:06,088- scoreDao.py:[line:41]- INFO - 用户oErKPvxKm3-DvHFPjrV-Y67aXsj8今天未调取过爬虫
2018-08-30 00:01:06,088- scoreDao.py:[line:78]- INFO - 用户oErKPvxKm3-DvHFPjrV-Y67aXsj8使用爬虫爬取成绩
2018-08-30 00:01:06,089- userDao.py:[line:32]- INFO - 用户名 oErKPvxKm3-DvHFPjrV-Y67aXsj8 以绑定
2018-08-30 00:01:13,518- scoreDao.py:[line:131]- INFO - 用户oErKPvxKm3-DvHFPjrV-Y67aXsj8成绩更新成功
2018-08-30 00:01:13,519- userDao.py:[line:32]- INFO - 用户名 oErKPvxKm3-DvHFPjrV-Y67aXsj8 以绑定
2018-08-30 00:01:13,521- scoreDao.py:[line:38]- INFO - 用户oErKPvxKm3-DvHFPjrV-Y67aXsj8今天已经爬取过成绩
2018-08-30 00:01:13,521- scoreDao.py:[line:86]- INFO - 用户oErKPvxKm3-DvHFPjrV-Y67aXsj8从数据库中取成绩
2018-08-30 00:03:03,072- userDao.py:[line:29]- INFO - 用户名 oErKPvxKm3-DvHFPjrV-Y67aXsj8 以解绑
2018-08-30 00:03:10,899- userDao.py:[line:29]- INFO - 用户名 oErKPvxKm3-DvHFPjrV-Y67aXsj8 以解绑
2018-08-30 00:03:20,255- userDao.py:[line:29]- INFO - 用户名 oErKPvxKm3-DvHFPjrV-Y67aXsj8 以解绑
2018-08-30 00:03:35,288- userDao.py:[line:32]- INFO - 用户名 oErKPvxKm3-DvHFPjrV-Y67aXsj8 以绑定
2018-08-30 00:03:35,289- userDao.py:[line:32]- INFO - 用户名 oErKPvxKm3-DvHFPjrV-Y67aXsj8 以绑定
2018-08-30 00:03:41,748- userDao.py:[line:29]- INFO - 用户名 oErKPvxKm3-DvHFPjrV-Y67aXsj8 以解绑
2018-08-30 00:03:48,225- userDao.py:[line:32]- INFO - 用户名 oErKPvxKm3-DvHFPjrV-Y67aXsj8 以绑定
2018-08-30 00:03:54,604- userDao.py:[line:32]- INFO - 用户名 oErKPvxKm3-DvHFPjrV-Y67aXsj8 以绑定
2018-08-30 00:03:54,607- scoreDao.py:[line:38]- INFO - 用户oErKPvxKm3-DvHFPjrV-Y67aXsj8今天已经爬取过成绩
2018-08-30 00:03:54,607- scoreDao.py:[line:86]- INFO - 用户oErKPvxKm3-DvHFPjrV-Y67aXsj8从数据库中取成绩
2018-08-30 00:03:57,606- userDao.py:[line:32]- INFO - 用户名 oErKPvxKm3-DvHFPjrV-Y67aXsj8 以绑定
2018-08-30 00:04:20,210- userDao.py:[line:29]- INFO - 用户名 oErKPvxKm3-DvHFPjrV-Y67aXsj8 以解绑
2018-08-30 00:05:06,467- userDao.py:[line:32]- INFO - 用户名 oErKPvxKm3-DvHFPjrV-Y67aXsj8 以绑定
2018-08-30 00:05:17,195- userDao.py:[line:32]- INFO - 用户名 oErKPvxKm3-DvHFPjrV-Y67aXsj8 以绑定
2018-08-30 00:05:17,197- scoreDao.py:[line:38]- INFO - 用户oErKPvxKm3-DvHFPjrV-Y67aXsj8今天已经爬取过成绩
2018-08-30 00:05:17,198- scoreDao.py:[line:86]- INFO - 用户oErKPvxKm3-DvHFPjrV-Y67aXsj8从数据库中取成绩
2018-08-30 00:05:52,356- userDao.py:[line:32]- INFO - 用户名 oErKPvxKm3-DvHFPjrV-Y67aXsj8 以绑定
2018-08-30 00:05:52,357- userDao.py:[line:32]- INFO - 用户名 oErKPvxKm3-DvHFPjrV-Y67aXsj8 以绑定
2018-08-30 00:06:00,991- userDao.py:[line:32]- INFO - 用户名 oErKPvxKm3-DvHFPjrV-Y67aXsj8 以绑定
2018-08-30 00:06:09,312- userDao.py:[line:32]- INFO - 用户名 oErKPvxKm3-DvHFPjrV-Y67aXsj8 以绑定
2018-08-30 00:06:09,314- scoreDao.py:[line:38]- INFO - 用户oErKPvxKm3-DvHFPjrV-Y67aXsj8今天已经爬取过成绩
2018-08-30 00:06:09,314- scoreDao.py:[line:86]- INFO - 用户oErKPvxKm3-DvHFPjrV-Y67aXsj8从数据库中取成绩
2018-08-30 00:06:16,805- userDao.py:[line:32]- INFO - 用户名 oErKPvxKm3-DvHFPjrV-Y67aXsj8 以绑定
2018-08-30 00:06:16,807- scoreDao.py:[line:38]- INFO - 用户oErKPvxKm3-DvHFPjrV-Y67aXsj8今天已经爬取过成绩
2018-08-30 00:06:16,807- scoreDao.py:[line:86]- INFO - 用户oErKPvxKm3-DvHFPjrV-Y67aXsj8从数据库中取成绩
2018-08-30 00:06:22,583- userDao.py:[line:32]- INFO - 用户名 oErKPvxKm3-DvHFPjrV-Y67aXsj8 以绑定
2018-08-30 00:06:34,653- userDao.py:[line:32]- INFO - 用户名 oErKPvxKm3-DvHFPjrV-Y67aXsj8 以绑定
2018-08-30 00:06:34,659- userDao.py:[line:74]- INFO - 用户oErKPvxKm3-DvHFPjrV-Y67aXsj8解绑成功
2018-08-30 00:06:37,152- userDao.py:[line:29]- INFO - 用户名 oErKPvxKm3-DvHFPjrV-Y67aXsj8 以解绑
2018-08-30 00:06:40,905- userDao.py:[line:32]- INFO - 用户名 oErKPvxKm3-DvHFPjrV-Y67aXsj8 以绑定
2018-08-30 00:06:40,910- userDao.py:[line:74]- INFO - 用户oErKPvxKm3-DvHFPjrV-Y67aXsj8解绑成功
2018-08-30 00:06:44,750- userDao.py:[line:32]- INFO - 用户名 oErKPvxKm3-DvHFPjrV-Y67aXsj8 以绑定
2018-08-30 00:06:44,756- userDao.py:[line:74]- INFO - 用户oErKPvxKm3-DvHFPjrV-Y67aXsj8解绑成功
2018-08-30 00:06:48,215- userDao.py:[line:32]- INFO - 用户名 oErKPvxKm3-DvHFPjrV-Y67aXsj8 以绑定
2018-08-30 00:06:57,003- userDao.py:[line:32]- INFO - 用户名 oErKPvxKm3-DvHFPjrV-Y67aXsj8 以绑定
2018-08-30 00:06:58,970- userDao.py:[line:29]- INFO - 用户名 oErKPvxKm3-DvHFPjrV-Y67aXsj8 以解绑
2018-08-30 00:07:02,451- userDao.py:[line:32]- INFO - 用户名 oErKPvxKm3-DvHFPjrV-Y67aXsj8 以绑定
2018-08-30 00:07:02,452- userDao.py:[line:32]- INFO - 用户名 oErKPvxKm3-DvHFPjrV-Y67aXsj8 以绑定
2018-08-30 00:07:09,146- userDao.py:[line:32]- INFO - 用户名 oErKPvxKm3-DvHFPjrV-Y67aXsj8 以绑定
2018-08-30 00:07:09,148- userDao.py:[line:32]- INFO - 用户名 oErKPvxKm3-DvHFPjrV-Y67aXsj8 以绑定
2018-08-30 00:07:11,046- userDao.py:[line:29]- INFO - 用户名 oErKPvxKm3-DvHFPjrV-Y67aXsj8 以解绑
2018-08-30 00:07:12,143- userDao.py:[line:29]- INFO - 用户名 oErKPvxKm3-DvHFPjrV-Y67aXsj8 以解绑
2018-08-30 00:07:13,351- userDao.py:[line:29]- INFO - 用户名 oErKPvxKm3-DvHFPjrV-Y67aXsj8 以解绑
2018-08-30 00:07:14,232- userDao.py:[line:29]- INFO - 用户名 oErKPvxKm3-DvHFPjrV-Y67aXsj8 以解绑
2018-08-30 00:07:18,180- userDao.py:[line:29]- INFO - 用户名 oErKPvxKm3-DvHFPjrV-Y67aXsj8 以解绑
2018-08-30 00:07:18,180- userDao.py:[line:77]- ERROR - 用户oErKPvxKm3-DvHFPjrV-Y67aXsj8未绑定，无法解绑
2018-08-30 00:07:19,468- userDao.py:[line:32]- INFO - 用户名 oErKPvxKm3-DvHFPjrV-Y67aXsj8 以绑定
2018-08-30 00:07:19,470- userDao.py:[line:32]- INFO - 用户名 oErKPvxKm3-DvHFPjrV-Y67aXsj8 以绑定
2018-08-30 00:07:20,999- userDao.py:[line:32]- INFO - 用户名 oErKPvxKm3-DvHFPjrV-Y67aXsj8 以绑定
2018-08-30 00:07:21,001- userDao.py:[line:32]- INFO - 用户名 oErKPvxKm3-DvHFPjrV-Y67aXsj8 以绑定
2018-08-30 00:09:49,959- userDao.py:[line:29]- INFO - 用户名 oErKPvxKm3-DvHFPjrV-Y67aXsj8 以解绑
2018-08-30 00:09:55,323- userDao.py:[line:29]- INFO - 用户名 oErKPvxKm3-DvHFPjrV-Y67aXsj8 以解绑
2018-08-30 00:09:55,330- userDao.py:[line:59]- INFO - 用户oErKPvxKm3-DvHFPjrV-Y67aXsj8用户绑定成功
2018-08-30 00:09:55,498- userDao.py:[line:29]- INFO - 用户名 oErKPvxKm3-DvHFPjrV-Y67aXsj8 以解绑
2018-08-30 00:09:55,505- userDao.py:[line:59]- INFO - 用户oErKPvxKm3-DvHFPjrV-Y67aXsj8用户绑定成功
2018-08-30 00:09:59,193- userDao.py:[line:29]- INFO - 用户名 oErKPvxKm3-DvHFPjrV-Y67aXsj8 以解绑
2018-08-30 00:11:51,916- userDao.py:[line:29]- INFO - 用户名 oErKPvxKm3-DvHFPjrV-Y67aXsj8 以解绑
2018-08-30 00:11:55,652- userDao.py:[line:32]- INFO - 用户名 oErKPvxKm3-DvHFPjrV-Y67aXsj8 以绑定
2018-08-30 00:11:55,653- userDao.py:[line:32]- INFO - 用户名 oErKPvxKm3-DvHFPjrV-Y67aXsj8 以绑定
2018-08-30 00:12:00,914- userDao.py:[line:32]- INFO - 用户名 oErKPvxKm3-DvHFPjrV-Y67aXsj8 以绑定
2018-08-30 00:12:00,915- userDao.py:[line:32]- INFO - 用户名 oErKPvxKm3-DvHFPjrV-Y67aXsj8 以绑定
