2018-08-30 09:09:24,372- userDao.py:[line:32]- INFO - 用户名 oErKPvxKm3-DvHFPjrV-Y67aXsj8 以绑定
2018-08-30 09:09:32,533- userDao.py:[line:32]- INFO - 用户名 oErKPvxKm3-DvHFPjrV-Y67aXsj8 以绑定
2018-08-30 09:09:32,536- scoreDao.py:[line:38]- INFO - 用户oErKPvxKm3-DvHFPjrV-Y67aXsj8今天已经爬取过成绩
2018-08-30 09:09:32,536- scoreDao.py:[line:86]- INFO - 用户oErKPvxKm3-DvHFPjrV-Y67aXsj8从数据库中取成绩
2018-08-30 09:09:36,901- userDao.py:[line:32]- INFO - 用户名 oErKPvxKm3-DvHFPjrV-Y67aXsj8 以绑定
2018-08-30 09:09:36,902- userDao.py:[line:32]- INFO - 用户名 oErKPvxKm3-DvHFPjrV-Y67aXsj8 以绑定
2018-08-30 09:09:39,101- userDao.py:[line:32]- INFO - 用户名 oErKPvxKm3-DvHFPjrV-Y67aXsj8 以绑定
2018-08-30 09:09:39,102- userDao.py:[line:32]- INFO - 用户名 oErKPvxKm3-DvHFPjrV-Y67aXsj8 以绑定
2018-08-30 09:09:41,960- userDao.py:[line:32]- INFO - 用户名 oErKPvxKm3-DvHFPjrV-Y67aXsj8 以绑定
2018-08-30 09:09:41,967- userDao.py:[line:74]- INFO - 用户oErKPvxKm3-DvHFPjrV-Y67aXsj8解绑成功
2018-08-30 09:09:44,291- userDao.py:[line:29]- INFO - 用户名 oErKPvxKm3-DvHFPjrV-Y67aXsj8 以解绑
2018-08-30 09:09:44,291- userDao.py:[line:77]- ERROR - 用户oErKPvxKm3-DvHFPjrV-Y67aXsj8未绑定，无法解绑
2018-08-30 09:09:46,294- userDao.py:[line:29]- INFO - 用户名 oErKPvxKm3-DvHFPjrV-Y67aXsj8 以解绑
2018-08-30 09:09:49,329- userDao.py:[line:29]- INFO - 用户名 oErKPvxKm3-DvHFPjrV-Y67aXsj8 以解绑
2018-08-30 09:09:49,335- userDao.py:[line:59]- INFO - 用户oErKPvxKm3-DvHFPjrV-Y67aXsj8用户绑定成功
2018-08-30 09:09:53,946- userDao.py:[line:32]- INFO - 用户名 oErKPvxKm3-DvHFPjrV-Y67aXsj8 以绑定
2018-08-30 09:09:53,947- userDao.py:[line:32]- INFO - 用户名 oErKPvxKm3-DvHFPjrV-Y67aXsj8 以绑定
2018-08-30 09:10:19,177- userDao.py:[line:32]- INFO - 用户名 oErKPvxKm3-DvHFPjrV-Y67aXsj8 以绑定
2018-08-30 09:10:21,987- userDao.py:[line:32]- INFO - 用户名 oErKPvxKm3-DvHFPjrV-Y67aXsj8 以绑定
2018-08-30 09:10:21,992- userDao.py:[line:74]- INFO - 用户oErKPvxKm3-DvHFPjrV-Y67aXsj8解绑成功
2018-08-30 09:10:25,061- userDao.py:[line:32]- INFO - 用户名 oErKPvxKm3-DvHFPjrV-Y67aXsj8 以绑定
2018-08-30 09:10:28,458- userDao.py:[line:32]- INFO - 用户名 oErKPvxKm3-DvHFPjrV-Y67aXsj8 以绑定
2018-08-30 09:10:36,158- userDao.py:[line:29]- INFO - 用户名 oErKPvxKm3-DvHFPjrV-Y67aXsj8 以解绑
2018-08-30 09:24:51,253- userDao.py:[line:29]- INFO - 用户名 oErKPvxKm3-DvHFPjrV-Y67aXsj8 以解绑
2018-08-30 09:24:54,952- userDao.py:[line:29]- INFO - 用户名 oErKPvxKm3-DvHFPjrV-Y67aXsj8 以解绑
2018-08-30 09:24:57,168- userDao.py:[line:29]- INFO - 用户名 oErKPvxKm3-DvHFPjrV-Y67aXsj8 以解绑
2018-08-30 09:24:58,772- userDao.py:[line:29]- INFO - 用户名 oErKPvxKm3-DvHFPjrV-Y67aXsj8 以解绑
2018-08-30 09:24:59,555- userDao.py:[line:29]- INFO - 用户名 oErKPvxKm3-DvHFPjrV-Y67aXsj8 以解绑
2018-08-30 09:25:05,146- userDao.py:[line:29]- INFO - 用户名 oErKPvxKm3-DvHFPjrV-Y67aXsj8 以解绑
2018-08-30 09:25:10,196- userDao.py:[line:29]- INFO - 用户名 oErKPvxKm3-DvHFPjrV-Y67aXsj8 以解绑
2018-08-30 09:25:10,204- userDao.py:[line:59]- INFO - 用户oErKPvxKm3-DvHFPjrV-Y67aXsj8用户绑定成功
2018-08-30 09:25:18,763- userDao.py:[line:29]- INFO - 用户名 oErKPvxKm3-DvHFPjrV-Y67aXsj8 以解绑
2018-08-30 09:25:25,722- userDao.py:[line:29]- INFO - 用户名 oErKPvxKm3-DvHFPjrV-Y67aXsj8 以解绑
2018-08-30 09:25:30,096- userDao.py:[line:29]- INFO - 用户名 oErKPvxKm3-DvHFPjrV-Y67aXsj8 以解绑
2018-08-30 09:25:32,577- userDao.py:[line:29]- INFO - 用户名 oErKPvxKm3-DvHFPjrV-Y67aXsj8 以解绑
2018-08-30 09:25:35,160- userDao.py:[line:29]- INFO - 用户名 oErKPvxKm3-DvHFPjrV-Y67aXsj8 以解绑
2018-08-30 09:25:37,320- userDao.py:[line:29]- INFO - 用户名 oErKPvxKm3-DvHFPjrV-Y67aXsj8 以解绑
2018-08-30 09:25:37,320- userDao.py:[line:77]- ERROR - 用户oErKPvxKm3-DvHFPjrV-Y67aXsj8未绑定，无法解绑
2018-08-30 09:25:39,835- userDao.py:[line:32]- INFO - 用户名 oErKPvxKm3-DvHFPjrV-Y67aXsj8 以绑定
2018-08-30 09:25:39,841- userDao.py:[line:74]- INFO - 用户oErKPvxKm3-DvHFPjrV-Y67aXsj8解绑成功
2018-08-30 09:25:47,482- userDao.py:[line:29]- INFO - 用户名 oErKPvxKm3-DvHFPjrV-Y67aXsj8 以解绑
2018-08-30 09:25:47,482- userDao.py:[line:77]- ERROR - 用户oErKPvxKm3-DvHFPjrV-Y67aXsj8未绑定，无法解绑
2018-08-30 09:25:49,854- userDao.py:[line:29]- INFO - 用户名 oErKPvxKm3-DvHFPjrV-Y67aXsj8 以解绑
2018-08-30 09:25:49,854- userDao.py:[line:77]- ERROR - 用户oErKPvxKm3-DvHFPjrV-Y67aXsj8未绑定，无法解绑
2018-08-30 09:25:51,753- userDao.py:[line:29]- INFO - 用户名 oErKPvxKm3-DvHFPjrV-Y67aXsj8 以解绑
2018-08-30 09:25:51,753- userDao.py:[line:77]- ERROR - 用户oErKPvxKm3-DvHFPjrV-Y67aXsj8未绑定，无法解绑
2018-08-30 09:25:53,655- userDao.py:[line:32]- INFO - 用户名 oErKPvxKm3-DvHFPjrV-Y67aXsj8 以绑定
2018-08-30 09:25:53,660- userDao.py:[line:74]- INFO - 用户oErKPvxKm3-DvHFPjrV-Y67aXsj8解绑成功
2018-08-30 09:26:01,645- userDao.py:[line:29]- INFO - 用户名 oErKPvxKm3-DvHFPjrV-Y67aXsj8 以解绑
2018-08-30 09:26:01,645- userDao.py:[line:77]- ERROR - 用户oErKPvxKm3-DvHFPjrV-Y67aXsj8未绑定，无法解绑
2018-08-30 09:27:15,310- userDao.py:[line:29]- INFO - 用户名 oErKPvxKm3-DvHFPjrV-Y67aXsj8 以解绑
2018-08-30 09:27:15,310- userDao.py:[line:77]- ERROR - 用户oErKPvxKm3-DvHFPjrV-Y67aXsj8未绑定，无法解绑
2018-08-30 09:27:20,536- userDao.py:[line:29]- INFO - 用户名 oErKPvxKm3-DvHFPjrV-Y67aXsj8 以解绑
2018-08-30 09:27:25,895- userDao.py:[line:29]- INFO - 用户名 oErKPvxKm3-DvHFPjrV-Y67aXsj8 以解绑
2018-08-30 09:27:25,901- userDao.py:[line:59]- INFO - 用户oErKPvxKm3-DvHFPjrV-Y67aXsj8用户绑定成功
2018-08-30 09:27:33,341- userDao.py:[line:29]- INFO - 用户名 oErKPvxKm3-DvHFPjrV-Y67aXsj8 以解绑
2018-08-30 09:29:53,945- userDao.py:[line:29]- INFO - 用户名 oErKPvxKm3-DvHFPjrV-Y67aXsj8 以解绑
2018-08-30 09:30:28,537- userDao.py:[line:29]- INFO - 用户名 oErKPvxKm3-DvHFPjrV-Y67aXsj8 以解绑
2018-08-30 09:30:28,543- userDao.py:[line:59]- INFO - 用户oErKPvxKm3-DvHFPjrV-Y67aXsj8用户绑定成功
2018-08-30 09:30:37,685- userDao.py:[line:29]- INFO - 用户名 oErKPvxKm3-DvHFPjrV-Y67aXsj8 以解绑
2018-08-30 09:30:47,850- userDao.py:[line:29]- INFO - 用户名 oErKPvxKm3-DvHFPjrV-Y67aXsj8 以解绑
2018-08-30 09:32:25,101- userDao.py:[line:32]- INFO - 用户名 oErKPvxKm3-DvHFPjrV-Y67aXsj8 以绑定
2018-08-30 09:32:28,723- scoreDao.py:[line:37]- INFO - 用户oErKPvxKm3-DvHFPjrV-Y67aXsj8今天已经爬取过成绩
2018-08-30 09:32:28,723- scoreDao.py:[line:79]- INFO - 用户oErKPvxKm3-DvHFPjrV-Y67aXsj8从数据库中取成绩
2018-08-30 09:32:41,359- userDao.py:[line:29]- INFO - 用户名 oErKPvxKm3-DvHFPjrV-Y67aXsj8 以解绑
2018-08-30 09:32:41,359- userDao.py:[line:77]- ERROR - 用户oErKPvxKm3-DvHFPjrV-Y67aXsj8未绑定，无法解绑
2018-08-30 09:33:18,711- userDao.py:[line:29]- INFO - 用户名 oErKPvxKm3-DvHFPjrV-Y67aXsj8 以解绑
2018-08-30 09:33:18,712- userDao.py:[line:77]- ERROR - 用户oErKPvxKm3-DvHFPjrV-Y67aXsj8未绑定，无法解绑
2018-08-30 09:34:26,791- userDao.py:[line:29]- INFO - 用户名 oErKPvxKm3-DvHFPjrV-Y67aXsj8 以解绑
2018-08-30 09:37:00,016- userDao.py:[line:32]- INFO - 用户名 oErKPvxKm3-DvHFPjrV-Y67aXsj8 以绑定
2018-08-30 09:37:05,209- userDao.py:[line:29]- INFO - 用户名 oErKPvxKm3-DvHFPjrV-Y67aXsj8 以解绑
2018-08-30 09:37:06,143- userDao.py:[line:29]- INFO - 用户名 oErKPvxKm3-DvHFPjrV-Y67aXsj8 以解绑
2018-08-30 09:37:07,232- userDao.py:[line:32]- INFO - 用户名 oErKPvxKm3-DvHFPjrV-Y67aXsj8 以绑定
2018-08-30 09:37:08,319- userDao.py:[line:29]- INFO - 用户名 oErKPvxKm3-DvHFPjrV-Y67aXsj8 以解绑
