2018-08-21 08:09:02,178- scoreDao.py:[line:29]- INFO - 今天未调取过爬虫
2018-08-21 08:09:02,178- scoreDao.py:[line:41]- INFO - 使用爬虫爬取成绩
2018-08-21 08:12:03,621- scoreDao.py:[line:29]- INFO - 今天未调取过爬虫
2018-08-21 08:12:03,621- scoreDao.py:[line:41]- INFO - 使用爬虫爬取成绩
2018-08-21 08:12:03,644- userDao.py:[line:26]- INFO - 用户名 123456 以绑定
2018-08-21 08:12:03,647- scoreDao.py:[line:29]- INFO - 今天未调取过爬虫
2018-08-21 08:12:03,647- scoreDao.py:[line:41]- INFO - 使用爬虫爬取成绩
2018-08-21 08:12:03,650- userDao.py:[line:26]- INFO - 用户名 123456 以绑定
2018-08-21 08:12:03,652- scoreDao.py:[line:29]- INFO - 今天未调取过爬虫
2018-08-21 08:12:03,652- scoreDao.py:[line:41]- INFO - 使用爬虫爬取成绩
2018-08-21 08:12:03,656- userDao.py:[line:26]- INFO - 用户名 123456 以绑定
2018-08-21 08:12:03,661- scoreDao.py:[line:29]- INFO - 今天未调取过爬虫
2018-08-21 08:12:03,661- scoreDao.py:[line:41]- INFO - 使用爬虫爬取成绩
2018-08-21 08:12:03,665- userDao.py:[line:26]- INFO - 用户名 123456 以绑定
2018-08-21 08:12:03,668- scoreDao.py:[line:29]- INFO - 今天未调取过爬虫
2018-08-21 08:12:03,668- scoreDao.py:[line:41]- INFO - 使用爬虫爬取成绩
2018-08-21 08:12:03,673- userDao.py:[line:26]- INFO - 用户名 123456 以绑定
2018-08-21 08:12:03,677- scoreDao.py:[line:29]- INFO - 今天未调取过爬虫
2018-08-21 08:12:03,677- scoreDao.py:[line:41]- INFO - 使用爬虫爬取成绩
2018-08-21 08:12:03,680- userDao.py:[line:26]- INFO - 用户名 123456 以绑定
2018-08-21 08:12:03,683- scoreDao.py:[line:29]- INFO - 今天未调取过爬虫
2018-08-21 08:12:03,683- scoreDao.py:[line:41]- INFO - 使用爬虫爬取成绩
2018-08-21 08:12:03,685- userDao.py:[line:26]- INFO - 用户名 123456 以绑定
2018-08-21 08:12:03,688- scoreDao.py:[line:29]- INFO - 今天未调取过爬虫
2018-08-21 08:12:03,689- scoreDao.py:[line:41]- INFO - 使用爬虫爬取成绩
2018-08-21 08:12:03,694- userDao.py:[line:26]- INFO - 用户名 123456 以绑定
2018-08-21 08:12:03,699- scoreDao.py:[line:29]- INFO - 今天未调取过爬虫
2018-08-21 08:12:03,699- scoreDao.py:[line:41]- INFO - 使用爬虫爬取成绩
2018-08-21 08:12:03,701- userDao.py:[line:26]- INFO - 用户名 123456 以绑定
2018-08-21 08:12:03,704- scoreDao.py:[line:29]- INFO - 今天未调取过爬虫
2018-08-21 08:12:03,704- scoreDao.py:[line:41]- INFO - 使用爬虫爬取成绩
2018-08-21 08:12:03,706- userDao.py:[line:26]- INFO - 用户名 123456 以绑定
2018-08-21 08:12:03,709- scoreDao.py:[line:29]- INFO - 今天未调取过爬虫
2018-08-21 08:12:03,709- scoreDao.py:[line:41]- INFO - 使用爬虫爬取成绩
2018-08-21 08:12:03,712- userDao.py:[line:26]- INFO - 用户名 123456 以绑定
2018-08-21 08:12:03,717- scoreDao.py:[line:29]- INFO - 今天未调取过爬虫
2018-08-21 08:12:03,717- scoreDao.py:[line:41]- INFO - 使用爬虫爬取成绩
2018-08-21 08:12:03,724- userDao.py:[line:26]- INFO - 用户名 123456 以绑定
2018-08-21 08:12:03,726- scoreDao.py:[line:29]- INFO - 今天未调取过爬虫
2018-08-21 08:12:03,726- scoreDao.py:[line:41]- INFO - 使用爬虫爬取成绩
2018-08-21 08:12:03,728- userDao.py:[line:26]- INFO - 用户名 123456 以绑定
2018-08-21 08:12:03,731- scoreDao.py:[line:29]- INFO - 今天未调取过爬虫
2018-08-21 08:12:03,731- scoreDao.py:[line:41]- INFO - 使用爬虫爬取成绩
2018-08-21 08:12:03,734- userDao.py:[line:26]- INFO - 用户名 123456 以绑定
2018-08-21 08:12:03,736- scoreDao.py:[line:29]- INFO - 今天未调取过爬虫
2018-08-21 08:12:03,736- scoreDao.py:[line:41]- INFO - 使用爬虫爬取成绩
2018-08-21 08:12:03,739- userDao.py:[line:26]- INFO - 用户名 123456 以绑定
2018-08-21 08:12:03,741- scoreDao.py:[line:29]- INFO - 今天未调取过爬虫
2018-08-21 08:12:03,741- scoreDao.py:[line:41]- INFO - 使用爬虫爬取成绩
2018-08-21 08:12:03,746- userDao.py:[line:26]- INFO - 用户名 123456 以绑定
2018-08-21 08:12:03,751- scoreDao.py:[line:29]- INFO - 今天未调取过爬虫
2018-08-21 08:12:03,751- scoreDao.py:[line:41]- INFO - 使用爬虫爬取成绩
2018-08-21 08:12:03,755- userDao.py:[line:26]- INFO - 用户名 123456 以绑定
2018-08-21 08:12:03,759- scoreDao.py:[line:29]- INFO - 今天未调取过爬虫
2018-08-21 08:12:03,759- scoreDao.py:[line:41]- INFO - 使用爬虫爬取成绩
2018-08-21 08:12:03,760- userDao.py:[line:26]- INFO - 用户名 123456 以绑定
2018-08-21 08:12:03,763- scoreDao.py:[line:29]- INFO - 今天未调取过爬虫
2018-08-21 08:12:03,763- scoreDao.py:[line:41]- INFO - 使用爬虫爬取成绩
2018-08-21 08:12:03,766- userDao.py:[line:26]- INFO - 用户名 123456 以绑定
2018-08-21 08:12:03,768- scoreDao.py:[line:29]- INFO - 今天未调取过爬虫
2018-08-21 08:12:03,769- scoreDao.py:[line:41]- INFO - 使用爬虫爬取成绩
2018-08-21 08:12:03,774- userDao.py:[line:26]- INFO - 用户名 123456 以绑定
2018-08-21 08:12:03,779- scoreDao.py:[line:29]- INFO - 今天未调取过爬虫
2018-08-21 08:12:03,779- scoreDao.py:[line:41]- INFO - 使用爬虫爬取成绩
2018-08-21 08:12:03,782- userDao.py:[line:26]- INFO - 用户名 123456 以绑定
2018-08-21 08:12:03,788- scoreDao.py:[line:29]- INFO - 今天未调取过爬虫
2018-08-21 08:12:03,788- scoreDao.py:[line:41]- INFO - 使用爬虫爬取成绩
2018-08-21 08:12:03,790- userDao.py:[line:26]- INFO - 用户名 123456 以绑定
2018-08-21 08:12:03,793- scoreDao.py:[line:29]- INFO - 今天未调取过爬虫
2018-08-21 08:12:03,793- scoreDao.py:[line:41]- INFO - 使用爬虫爬取成绩
2018-08-21 08:12:03,795- userDao.py:[line:26]- INFO - 用户名 123456 以绑定
2018-08-21 08:12:03,799- scoreDao.py:[line:29]- INFO - 今天未调取过爬虫
2018-08-21 08:12:03,799- scoreDao.py:[line:41]- INFO - 使用爬虫爬取成绩
2018-08-21 08:12:03,802- userDao.py:[line:26]- INFO - 用户名 123456 以绑定
2018-08-21 08:12:03,805- scoreDao.py:[line:29]- INFO - 今天未调取过爬虫
2018-08-21 08:12:03,805- scoreDao.py:[line:41]- INFO - 使用爬虫爬取成绩
2018-08-21 08:12:03,807- userDao.py:[line:26]- INFO - 用户名 123456 以绑定
2018-08-21 08:12:03,811- scoreDao.py:[line:29]- INFO - 今天未调取过爬虫
2018-08-21 08:12:03,811- scoreDao.py:[line:41]- INFO - 使用爬虫爬取成绩
2018-08-21 08:12:03,814- userDao.py:[line:26]- INFO - 用户名 123456 以绑定
2018-08-21 08:12:03,818- scoreDao.py:[line:29]- INFO - 今天未调取过爬虫
2018-08-21 08:12:03,819- scoreDao.py:[line:41]- INFO - 使用爬虫爬取成绩
2018-08-21 08:12:03,822- userDao.py:[line:26]- INFO - 用户名 123456 以绑定
2018-08-21 08:12:03,824- scoreDao.py:[line:29]- INFO - 今天未调取过爬虫
2018-08-21 08:12:03,824- scoreDao.py:[line:41]- INFO - 使用爬虫爬取成绩
2018-08-21 08:12:03,828- userDao.py:[line:26]- INFO - 用户名 123456 以绑定
2018-08-21 08:12:03,833- scoreDao.py:[line:29]- INFO - 今天未调取过爬虫
2018-08-21 08:12:03,834- scoreDao.py:[line:41]- INFO - 使用爬虫爬取成绩
2018-08-21 08:12:03,836- userDao.py:[line:26]- INFO - 用户名 123456 以绑定
2018-08-21 08:12:03,839- scoreDao.py:[line:29]- INFO - 今天未调取过爬虫
2018-08-21 08:12:03,839- scoreDao.py:[line:41]- INFO - 使用爬虫爬取成绩
2018-08-21 08:12:03,842- userDao.py:[line:26]- INFO - 用户名 123456 以绑定
2018-08-21 08:12:03,848- scoreDao.py:[line:29]- INFO - 今天未调取过爬虫
2018-08-21 08:12:03,848- scoreDao.py:[line:41]- INFO - 使用爬虫爬取成绩
2018-08-21 08:12:03,849- userDao.py:[line:26]- INFO - 用户名 123456 以绑定
2018-08-21 08:12:03,852- scoreDao.py:[line:29]- INFO - 今天未调取过爬虫
2018-08-21 08:12:03,852- scoreDao.py:[line:41]- INFO - 使用爬虫爬取成绩
2018-08-21 08:12:03,856- userDao.py:[line:26]- INFO - 用户名 123456 以绑定
2018-08-21 08:12:03,858- scoreDao.py:[line:29]- INFO - 今天未调取过爬虫
2018-08-21 08:12:03,858- scoreDao.py:[line:41]- INFO - 使用爬虫爬取成绩
2018-08-21 08:12:03,860- userDao.py:[line:26]- INFO - 用户名 123456 以绑定
2018-08-21 08:12:03,865- scoreDao.py:[line:29]- INFO - 今天未调取过爬虫
2018-08-21 08:12:03,865- scoreDao.py:[line:41]- INFO - 使用爬虫爬取成绩
2018-08-21 08:12:03,867- userDao.py:[line:26]- INFO - 用户名 123456 以绑定
2018-08-21 08:12:03,871- scoreDao.py:[line:29]- INFO - 今天未调取过爬虫
2018-08-21 08:12:03,872- scoreDao.py:[line:41]- INFO - 使用爬虫爬取成绩
2018-08-21 08:12:03,875- userDao.py:[line:26]- INFO - 用户名 123456 以绑定
2018-08-21 08:12:03,878- scoreDao.py:[line:29]- INFO - 今天未调取过爬虫
2018-08-21 08:12:03,878- scoreDao.py:[line:41]- INFO - 使用爬虫爬取成绩
2018-08-21 08:12:03,883- userDao.py:[line:26]- INFO - 用户名 123456 以绑定
2018-08-21 08:12:03,886- scoreDao.py:[line:29]- INFO - 今天未调取过爬虫
2018-08-21 08:12:03,886- scoreDao.py:[line:41]- INFO - 使用爬虫爬取成绩
2018-08-21 08:12:03,887- userDao.py:[line:26]- INFO - 用户名 123456 以绑定
2018-08-21 08:12:03,889- scoreDao.py:[line:29]- INFO - 今天未调取过爬虫
2018-08-21 08:12:03,889- scoreDao.py:[line:41]- INFO - 使用爬虫爬取成绩
2018-08-21 08:12:03,892- userDao.py:[line:26]- INFO - 用户名 123456 以绑定
2018-08-21 08:12:03,895- scoreDao.py:[line:29]- INFO - 今天未调取过爬虫
2018-08-21 08:12:03,895- scoreDao.py:[line:41]- INFO - 使用爬虫爬取成绩
2018-08-21 08:12:03,899- userDao.py:[line:26]- INFO - 用户名 123456 以绑定
2018-08-21 08:12:03,902- scoreDao.py:[line:29]- INFO - 今天未调取过爬虫
2018-08-21 08:12:03,902- scoreDao.py:[line:41]- INFO - 使用爬虫爬取成绩
2018-08-21 08:12:03,908- userDao.py:[line:26]- INFO - 用户名 123456 以绑定
2018-08-21 08:12:03,911- scoreDao.py:[line:29]- INFO - 今天未调取过爬虫
2018-08-21 08:12:03,911- scoreDao.py:[line:41]- INFO - 使用爬虫爬取成绩
2018-08-21 08:12:03,913- userDao.py:[line:26]- INFO - 用户名 123456 以绑定
2018-08-21 08:12:03,917- scoreDao.py:[line:29]- INFO - 今天未调取过爬虫
2018-08-21 08:12:03,917- scoreDao.py:[line:41]- INFO - 使用爬虫爬取成绩
2018-08-21 08:12:03,919- userDao.py:[line:26]- INFO - 用户名 123456 以绑定
2018-08-21 08:12:03,922- scoreDao.py:[line:29]- INFO - 今天未调取过爬虫
2018-08-21 08:12:03,922- scoreDao.py:[line:41]- INFO - 使用爬虫爬取成绩
2018-08-21 08:12:03,925- userDao.py:[line:26]- INFO - 用户名 123456 以绑定
2018-08-21 08:12:03,928- scoreDao.py:[line:29]- INFO - 今天未调取过爬虫
2018-08-21 08:12:03,928- scoreDao.py:[line:41]- INFO - 使用爬虫爬取成绩
2018-08-21 08:12:03,933- userDao.py:[line:26]- INFO - 用户名 123456 以绑定
2018-08-21 08:12:03,936- scoreDao.py:[line:29]- INFO - 今天未调取过爬虫
2018-08-21 08:12:03,936- scoreDao.py:[line:41]- INFO - 使用爬虫爬取成绩
2018-08-21 08:12:03,938- userDao.py:[line:26]- INFO - 用户名 123456 以绑定
2018-08-21 08:12:03,941- scoreDao.py:[line:29]- INFO - 今天未调取过爬虫
2018-08-21 08:12:03,941- scoreDao.py:[line:41]- INFO - 使用爬虫爬取成绩
2018-08-21 08:12:03,943- userDao.py:[line:26]- INFO - 用户名 123456 以绑定
2018-08-21 08:12:03,945- scoreDao.py:[line:29]- INFO - 今天未调取过爬虫
2018-08-21 08:12:03,945- scoreDao.py:[line:41]- INFO - 使用爬虫爬取成绩
2018-08-21 08:12:03,947- userDao.py:[line:26]- INFO - 用户名 123456 以绑定
2018-08-21 08:12:03,950- scoreDao.py:[line:29]- INFO - 今天未调取过爬虫
2018-08-21 08:12:03,950- scoreDao.py:[line:41]- INFO - 使用爬虫爬取成绩
2018-08-21 08:12:03,952- userDao.py:[line:26]- INFO - 用户名 123456 以绑定
2018-08-21 08:12:03,955- scoreDao.py:[line:29]- INFO - 今天未调取过爬虫
2018-08-21 08:12:03,955- scoreDao.py:[line:41]- INFO - 使用爬虫爬取成绩
2018-08-21 08:12:03,957- userDao.py:[line:26]- INFO - 用户名 123456 以绑定
2018-08-21 08:12:03,961- scoreDao.py:[line:29]- INFO - 今天未调取过爬虫
2018-08-21 08:12:03,961- scoreDao.py:[line:41]- INFO - 使用爬虫爬取成绩
2018-08-21 08:12:03,964- userDao.py:[line:26]- INFO - 用户名 123456 以绑定
2018-08-21 08:12:03,967- scoreDao.py:[line:29]- INFO - 今天未调取过爬虫
2018-08-21 08:12:03,968- scoreDao.py:[line:41]- INFO - 使用爬虫爬取成绩
2018-08-21 08:12:03,969- userDao.py:[line:26]- INFO - 用户名 123456 以绑定
2018-08-21 08:12:03,973- scoreDao.py:[line:29]- INFO - 今天未调取过爬虫
2018-08-21 08:12:03,973- scoreDao.py:[line:41]- INFO - 使用爬虫爬取成绩
2018-08-21 08:12:03,976- userDao.py:[line:26]- INFO - 用户名 123456 以绑定
2018-08-21 08:12:03,979- scoreDao.py:[line:29]- INFO - 今天未调取过爬虫
2018-08-21 08:12:03,979- scoreDao.py:[line:41]- INFO - 使用爬虫爬取成绩
2018-08-21 08:12:03,982- userDao.py:[line:26]- INFO - 用户名 123456 以绑定
2018-08-21 08:12:03,984- scoreDao.py:[line:29]- INFO - 今天未调取过爬虫
2018-08-21 08:12:03,984- scoreDao.py:[line:41]- INFO - 使用爬虫爬取成绩
2018-08-21 08:12:03,986- userDao.py:[line:26]- INFO - 用户名 123456 以绑定
2018-08-21 08:12:03,989- scoreDao.py:[line:29]- INFO - 今天未调取过爬虫
2018-08-21 08:12:03,989- scoreDao.py:[line:41]- INFO - 使用爬虫爬取成绩
2018-08-21 08:12:03,991- userDao.py:[line:26]- INFO - 用户名 123456 以绑定
2018-08-21 08:12:03,996- scoreDao.py:[line:29]- INFO - 今天未调取过爬虫
2018-08-21 08:12:03,996- scoreDao.py:[line:41]- INFO - 使用爬虫爬取成绩
2018-08-21 08:12:04,002- userDao.py:[line:26]- INFO - 用户名 123456 以绑定
2018-08-21 08:12:04,005- scoreDao.py:[line:29]- INFO - 今天未调取过爬虫
2018-08-21 08:12:04,005- scoreDao.py:[line:41]- INFO - 使用爬虫爬取成绩
2018-08-21 08:12:04,007- userDao.py:[line:26]- INFO - 用户名 123456 以绑定
2018-08-21 08:12:04,009- scoreDao.py:[line:29]- INFO - 今天未调取过爬虫
2018-08-21 08:12:04,009- scoreDao.py:[line:41]- INFO - 使用爬虫爬取成绩
2018-08-21 08:12:04,011- userDao.py:[line:26]- INFO - 用户名 123456 以绑定
2018-08-21 08:12:04,014- scoreDao.py:[line:29]- INFO - 今天未调取过爬虫
2018-08-21 08:12:04,015- scoreDao.py:[line:41]- INFO - 使用爬虫爬取成绩
2018-08-21 08:12:04,017- userDao.py:[line:26]- INFO - 用户名 123456 以绑定
2018-08-21 08:12:04,020- scoreDao.py:[line:29]- INFO - 今天未调取过爬虫
2018-08-21 08:12:04,020- scoreDao.py:[line:41]- INFO - 使用爬虫爬取成绩
2018-08-21 08:12:04,024- userDao.py:[line:26]- INFO - 用户名 123456 以绑定
2018-08-21 08:12:04,028- scoreDao.py:[line:29]- INFO - 今天未调取过爬虫
2018-08-21 08:12:04,029- scoreDao.py:[line:41]- INFO - 使用爬虫爬取成绩
2018-08-21 08:12:04,031- userDao.py:[line:26]- INFO - 用户名 123456 以绑定
2018-08-21 08:12:04,036- scoreDao.py:[line:29]- INFO - 今天未调取过爬虫
2018-08-21 08:12:04,036- scoreDao.py:[line:41]- INFO - 使用爬虫爬取成绩
2018-08-21 08:12:04,040- userDao.py:[line:26]- INFO - 用户名 123456 以绑定
2018-08-21 08:12:04,044- scoreDao.py:[line:29]- INFO - 今天未调取过爬虫
2018-08-21 08:12:04,044- scoreDao.py:[line:41]- INFO - 使用爬虫爬取成绩
2018-08-21 08:12:04,046- userDao.py:[line:26]- INFO - 用户名 123456 以绑定
2018-08-21 08:12:04,050- scoreDao.py:[line:29]- INFO - 今天未调取过爬虫
2018-08-21 08:12:04,050- scoreDao.py:[line:41]- INFO - 使用爬虫爬取成绩
2018-08-21 08:12:04,054- userDao.py:[line:26]- INFO - 用户名 123456 以绑定
2018-08-21 08:12:04,057- scoreDao.py:[line:29]- INFO - 今天未调取过爬虫
2018-08-21 08:12:04,057- scoreDao.py:[line:41]- INFO - 使用爬虫爬取成绩
2018-08-21 08:12:04,059- userDao.py:[line:26]- INFO - 用户名 123456 以绑定
2018-08-21 08:12:04,064- scoreDao.py:[line:29]- INFO - 今天未调取过爬虫
2018-08-21 08:12:04,064- scoreDao.py:[line:41]- INFO - 使用爬虫爬取成绩
2018-08-21 08:12:04,068- userDao.py:[line:26]- INFO - 用户名 123456 以绑定
2018-08-21 08:12:04,070- scoreDao.py:[line:29]- INFO - 今天未调取过爬虫
2018-08-21 08:12:04,071- scoreDao.py:[line:41]- INFO - 使用爬虫爬取成绩
2018-08-21 08:12:04,072- userDao.py:[line:26]- INFO - 用户名 123456 以绑定
2018-08-21 08:12:04,075- scoreDao.py:[line:29]- INFO - 今天未调取过爬虫
2018-08-21 08:12:04,075- scoreDao.py:[line:41]- INFO - 使用爬虫爬取成绩
2018-08-21 08:12:04,078- userDao.py:[line:26]- INFO - 用户名 123456 以绑定
2018-08-21 08:12:04,081- scoreDao.py:[line:29]- INFO - 今天未调取过爬虫
2018-08-21 08:12:04,081- scoreDao.py:[line:41]- INFO - 使用爬虫爬取成绩
2018-08-21 08:12:04,083- userDao.py:[line:26]- INFO - 用户名 123456 以绑定
2018-08-21 08:12:04,086- scoreDao.py:[line:29]- INFO - 今天未调取过爬虫
2018-08-21 08:12:04,086- scoreDao.py:[line:41]- INFO - 使用爬虫爬取成绩
2018-08-21 08:12:04,088- userDao.py:[line:26]- INFO - 用户名 123456 以绑定
2018-08-21 08:12:04,091- scoreDao.py:[line:29]- INFO - 今天未调取过爬虫
2018-08-21 08:12:04,091- scoreDao.py:[line:41]- INFO - 使用爬虫爬取成绩
2018-08-21 08:12:04,094- userDao.py:[line:26]- INFO - 用户名 123456 以绑定
2018-08-21 08:12:04,099- scoreDao.py:[line:29]- INFO - 今天未调取过爬虫
2018-08-21 08:12:04,100- scoreDao.py:[line:41]- INFO - 使用爬虫爬取成绩
2018-08-21 08:12:04,104- userDao.py:[line:26]- INFO - 用户名 123456 以绑定
2018-08-21 08:12:04,107- scoreDao.py:[line:29]- INFO - 今天未调取过爬虫
2018-08-21 08:12:04,107- scoreDao.py:[line:41]- INFO - 使用爬虫爬取成绩
2018-08-21 08:12:04,109- userDao.py:[line:26]- INFO - 用户名 123456 以绑定
2018-08-21 08:12:04,111- scoreDao.py:[line:29]- INFO - 今天未调取过爬虫
2018-08-21 08:12:04,112- scoreDao.py:[line:41]- INFO - 使用爬虫爬取成绩
2018-08-21 08:12:04,114- userDao.py:[line:26]- INFO - 用户名 123456 以绑定
2018-08-21 08:12:04,117- scoreDao.py:[line:29]- INFO - 今天未调取过爬虫
2018-08-21 08:12:04,117- scoreDao.py:[line:41]- INFO - 使用爬虫爬取成绩
2018-08-21 08:12:04,119- userDao.py:[line:26]- INFO - 用户名 123456 以绑定
2018-08-21 08:12:04,122- scoreDao.py:[line:29]- INFO - 今天未调取过爬虫
2018-08-21 08:12:04,122- scoreDao.py:[line:41]- INFO - 使用爬虫爬取成绩
2018-08-21 08:12:04,126- userDao.py:[line:26]- INFO - 用户名 123456 以绑定
2018-08-21 08:12:04,130- scoreDao.py:[line:29]- INFO - 今天未调取过爬虫
2018-08-21 08:12:04,130- scoreDao.py:[line:41]- INFO - 使用爬虫爬取成绩
2018-08-21 08:12:04,132- userDao.py:[line:26]- INFO - 用户名 123456 以绑定
2018-08-21 08:12:04,137- scoreDao.py:[line:29]- INFO - 今天未调取过爬虫
2018-08-21 08:12:04,138- scoreDao.py:[line:41]- INFO - 使用爬虫爬取成绩
2018-08-21 08:12:04,140- userDao.py:[line:26]- INFO - 用户名 123456 以绑定
2018-08-21 08:12:04,142- scoreDao.py:[line:29]- INFO - 今天未调取过爬虫
2018-08-21 08:12:04,142- scoreDao.py:[line:41]- INFO - 使用爬虫爬取成绩
2018-08-21 08:12:04,144- userDao.py:[line:26]- INFO - 用户名 123456 以绑定
2018-08-21 08:12:04,146- scoreDao.py:[line:29]- INFO - 今天未调取过爬虫
2018-08-21 08:12:04,147- scoreDao.py:[line:41]- INFO - 使用爬虫爬取成绩
2018-08-21 08:12:04,182- userDao.py:[line:26]- INFO - 用户名 123456 以绑定
2018-08-21 08:12:04,187- scoreDao.py:[line:29]- INFO - 今天未调取过爬虫
2018-08-21 08:12:04,187- scoreDao.py:[line:41]- INFO - 使用爬虫爬取成绩
2018-08-21 08:12:04,189- userDao.py:[line:26]- INFO - 用户名 123456 以绑定
2018-08-21 08:12:04,194- scoreDao.py:[line:29]- INFO - 今天未调取过爬虫
2018-08-21 08:12:04,195- scoreDao.py:[line:41]- INFO - 使用爬虫爬取成绩
2018-08-21 08:12:04,198- userDao.py:[line:26]- INFO - 用户名 123456 以绑定
2018-08-21 08:12:04,201- scoreDao.py:[line:29]- INFO - 今天未调取过爬虫
2018-08-21 08:12:04,201- scoreDao.py:[line:41]- INFO - 使用爬虫爬取成绩
2018-08-21 08:12:04,203- userDao.py:[line:26]- INFO - 用户名 123456 以绑定
2018-08-21 08:12:04,205- scoreDao.py:[line:29]- INFO - 今天未调取过爬虫
2018-08-21 08:12:04,205- scoreDao.py:[line:41]- INFO - 使用爬虫爬取成绩
2018-08-21 08:21:17,958- scoreDao.py:[line:32]- INFO - 今天未调取过爬虫
2018-08-21 08:21:17,958- scoreDao.py:[line:44]- INFO - 使用爬虫爬取成绩
2018-08-21 08:21:17,962- userDao.py:[line:26]- INFO - 用户名 123456 以绑定
2018-08-21 08:22:04,277- scoreDao.py:[line:32]- INFO - 今天未调取过爬虫
2018-08-21 08:22:04,277- scoreDao.py:[line:44]- INFO - 使用爬虫爬取成绩
2018-08-21 08:22:04,280- userDao.py:[line:26]- INFO - 用户名 123456 以绑定
2018-08-21 08:22:10,120- scoreDao.py:[line:29]- INFO - 今天已经爬取过成绩
2018-08-21 08:22:10,120- scoreDao.py:[line:48]- INFO - 从数据库中取成绩
2018-08-21 08:22:32,428- scoreDao.py:[line:29]- INFO - 今天已经爬取过成绩
2018-08-21 08:22:32,428- scoreDao.py:[line:48]- INFO - 从数据库中取成绩
2018-08-21 08:23:01,376- scoreDao.py:[line:29]- INFO - 今天已经爬取过成绩
2018-08-21 08:23:01,376- scoreDao.py:[line:48]- INFO - 从数据库中取成绩
2018-08-21 08:23:27,836- scoreDao.py:[line:29]- INFO - 今天已经爬取过成绩
2018-08-21 08:23:27,836- scoreDao.py:[line:48]- INFO - 从数据库中取成绩
2018-08-21 08:23:46,120- scoreDao.py:[line:29]- INFO - 今天已经爬取过成绩
2018-08-21 08:23:46,120- scoreDao.py:[line:48]- INFO - 从数据库中取成绩
