2018-08-30 16:29:46,038- userDao.py:[line:32]- INFO - 用户名 oErKPvxKm3-DvHFPjrV-Y67aXsj8 以绑定
2018-08-30 16:29:46,039- userDao.py:[line:32]- INFO - 用户名 oErKPvxKm3-DvHFPjrV-Y67aXsj8 以绑定
2018-08-30 16:30:01,997- userDao.py:[line:32]- INFO - 用户名 oErKPvxKm3-DvHFPjrV-Y67aXsj8 以绑定
2018-08-30 16:30:01,998- userDao.py:[line:32]- INFO - 用户名 oErKPvxKm3-DvHFPjrV-Y67aXsj8 以绑定
2018-08-30 16:30:42,386- userDao.py:[line:32]- INFO - 用户名 oErKPvxKm3-DvHFPjrV-Y67aXsj8 以绑定
2018-08-30 16:30:42,391- userDao.py:[line:74]- INFO - 用户oErKPvxKm3-DvHFPjrV-Y67aXsj8解绑成功
2018-08-30 16:30:46,281- userDao.py:[line:29]- INFO - 用户名 oErKPvxKm3-DvHFPjrV-Y67aXsj8 以解绑
2018-08-30 16:30:56,185- userDao.py:[line:29]- INFO - 用户名 oErKPvxKm3-DvHFPjrV-Y67aXsj8 以解绑
2018-08-30 16:30:56,192- userDao.py:[line:59]- INFO - 用户oErKPvxKm3-DvHFPjrV-Y67aXsj8用户绑定成功
2018-08-30 16:31:04,659- userDao.py:[line:32]- INFO - 用户名 oErKPvxKm3-DvHFPjrV-Y67aXsj8 以绑定
2018-08-30 16:31:10,722- scoreDao.py:[line:37]- INFO - 用户oErKPvxKm3-DvHFPjrV-Y67aXsj8今天已经爬取过成绩
2018-08-30 16:31:10,722- scoreDao.py:[line:79]- INFO - 用户oErKPvxKm3-DvHFPjrV-Y67aXsj8从数据库中取成绩
2018-08-30 16:31:16,170- userDao.py:[line:32]- INFO - 用户名 oErKPvxKm3-DvHFPjrV-Y67aXsj8 以绑定
2018-08-30 16:31:16,171- userDao.py:[line:32]- INFO - 用户名 oErKPvxKm3-DvHFPjrV-Y67aXsj8 以绑定
2018-08-30 16:42:14,418- userDao.py:[line:32]- INFO - 用户名 oErKPvxKm3-DvHFPjrV-Y67aXsj8 以绑定
2018-08-30 16:42:14,420- userDao.py:[line:32]- INFO - 用户名 oErKPvxKm3-DvHFPjrV-Y67aXsj8 以绑定
2018-08-30 17:00:55,679- userDao.py:[line:32]- INFO - 用户名 oErKPvxKm3-DvHFPjrV-Y67aXsj8 以绑定
2018-08-30 17:00:55,681- userDao.py:[line:32]- INFO - 用户名 oErKPvxKm3-DvHFPjrV-Y67aXsj8 以绑定
2018-08-30 17:14:25,295- userDao.py:[line:32]- INFO - 用户名 oErKPvxKm3-DvHFPjrV-Y67aXsj8 以绑定
2018-08-30 17:14:25,297- userDao.py:[line:32]- INFO - 用户名 oErKPvxKm3-DvHFPjrV-Y67aXsj8 以绑定
2018-08-30 17:14:32,615- userDao.py:[line:32]- INFO - 用户名 oErKPvxKm3-DvHFPjrV-Y67aXsj8 以绑定
2018-08-30 17:14:48,185- scoreDao.py:[line:37]- INFO - 用户oErKPvxKm3-DvHFPjrV-Y67aXsj8今天已经爬取过成绩
2018-08-30 17:14:48,185- scoreDao.py:[line:79]- INFO - 用户oErKPvxKm3-DvHFPjrV-Y67aXsj8从数据库中取成绩
2018-08-30 17:15:47,213- scoreDao.py:[line:37]- INFO - 用户oErKPvxKm3-DvHFPjrV-Y67aXsj8今天已经爬取过成绩
2018-08-30 17:15:47,214- scoreDao.py:[line:79]- INFO - 用户oErKPvxKm3-DvHFPjrV-Y67aXsj8从数据库中取成绩
