2018-08-22 17:27:54,089- keyWordDao.py:[line:70]- INFO - 关键字绑定添加成功
2018-08-22 17:27:54,099- keyWordDao.py:[line:70]- INFO - 关键字解绑添加成功
2018-08-22 17:27:54,105- keyWordDao.py:[line:70]- INFO - 关键字成绩添加成功
2018-08-22 17:27:54,111- keyWordDao.py:[line:70]- INFO - 关键字你好添加成功
2018-08-22 17:29:28,713- keyWordDao.py:[line:70]- INFO - 关键字绑定添加成功
2018-08-22 17:29:28,723- keyWordDao.py:[line:70]- INFO - 关键字解绑添加成功
2018-08-22 17:29:28,729- keyWordDao.py:[line:70]- INFO - 关键字成绩添加成功
2018-08-22 17:34:27,117- keyWordDao.py:[line:70]- INFO - 关键字绑定添加成功
2018-08-22 17:34:27,118- keyWordDao.py:[line:70]- INFO - 关键字解绑添加成功
2018-08-22 17:34:34,567- keyWordDao.py:[line:70]- INFO - 关键字绑定添加成功
2018-08-22 17:34:34,568- keyWordDao.py:[line:70]- INFO - 关键字解绑添加成功
2018-08-22 17:35:18,846- keyWordDao.py:[line:70]- INFO - 关键字绑定添加成功
2018-08-22 17:35:18,848- keyWordDao.py:[line:70]- INFO - 关键字解绑添加成功
2018-08-22 17:35:18,850- keyWordDao.py:[line:76]- INFO - 关键字成绩更新成功
2018-08-22 17:35:18,852- keyWordDao.py:[line:76]- INFO - 关键字你好更新成功
2018-08-22 17:36:25,400- keyWordDao.py:[line:70]- INFO - 关键字绑定添加成功
2018-08-22 17:36:25,401- keyWordDao.py:[line:70]- INFO - 关键字解绑添加成功
2018-08-22 17:36:25,403- keyWordDao.py:[line:77]- INFO - 关键字成绩更新成功
2018-08-22 17:36:25,405- keyWordDao.py:[line:77]- INFO - 关键字你好更新成功
2018-08-22 17:37:30,822- keyWordDao.py:[line:70]- INFO - 关键字绑定添加成功
2018-08-22 17:37:30,823- keyWordDao.py:[line:70]- INFO - 关键字解绑添加成功
2018-08-22 17:37:30,824- keyWordDao.py:[line:73]- INFO - 关键字成绩更新成功
2018-08-22 17:37:30,826- keyWordDao.py:[line:73]- INFO - 关键字你好更新成功
2018-08-22 17:37:44,730- keyWordDao.py:[line:70]- INFO - 关键字绑定添加成功
2018-08-22 17:37:44,731- keyWordDao.py:[line:70]- INFO - 关键字解绑添加成功
2018-08-22 17:37:44,732- keyWordDao.py:[line:73]- INFO - 关键字成绩更新成功
2018-08-22 17:37:44,733- keyWordDao.py:[line:70]- INFO - 关键字你好添加成功
2018-08-22 17:40:28,163- keyWordDao.py:[line:70]- INFO - 关键字绑定添加成功
2018-08-22 17:40:37,054- keyWordDao.py:[line:70]- INFO - 关键字解绑添加成功
2018-08-22 17:40:39,094- keyWordDao.py:[line:73]- INFO - 关键字成绩更新成功
2018-08-22 17:40:40,728- keyWordDao.py:[line:73]- INFO - 关键字你好更新成功
2018-08-22 17:50:57,345- keyWordDao.py:[line:72]- INFO - 关键字绑定添加成功
2018-08-22 17:50:57,355- keyWordDao.py:[line:72]- INFO - 关键字解绑添加成功
2018-08-22 17:50:57,362- keyWordDao.py:[line:76]- INFO - 关键字成绩更新成功
2018-08-22 17:51:37,517- keyWordDao.py:[line:72]- INFO - 关键字绑定添加成功
2018-08-22 17:51:37,527- keyWordDao.py:[line:76]- INFO - 关键字解绑更新成功
2018-08-22 17:52:42,926- keyWordDao.py:[line:76]- INFO - 关键字绑定更新成功
2018-08-22 17:52:42,928- keyWordDao.py:[line:76]- INFO - 关键字解绑更新成功
2018-08-22 17:52:42,930- keyWordDao.py:[line:76]- INFO - 关键字成绩更新成功
2018-08-22 17:52:42,932- keyWordDao.py:[line:76]- INFO - 关键字你好更新成功
2018-08-22 17:53:01,256- keyWordDao.py:[line:72]- INFO - 关键字绑定添加成功
2018-08-22 17:53:01,263- keyWordDao.py:[line:72]- INFO - 关键字解绑添加成功
2018-08-22 17:53:01,270- keyWordDao.py:[line:72]- INFO - 关键字成绩添加成功
2018-08-22 17:53:01,277- keyWordDao.py:[line:72]- INFO - 关键字你好添加成功
2018-08-22 17:53:08,087- keyWordDao.py:[line:72]- INFO - 关键字绑定添加成功
2018-08-22 17:53:08,095- keyWordDao.py:[line:72]- INFO - 关键字解绑添加成功
2018-08-22 17:53:08,102- keyWordDao.py:[line:72]- INFO - 关键字成绩添加成功
2018-08-22 17:53:08,110- keyWordDao.py:[line:76]- INFO - 关键字你好更新成功
2018-08-22 17:53:10,680- keyWordDao.py:[line:72]- INFO - 关键字绑定添加成功
2018-08-22 17:53:10,687- keyWordDao.py:[line:72]- INFO - 关键字解绑添加成功
2018-08-22 17:53:10,694- keyWordDao.py:[line:76]- INFO - 关键字成绩更新成功
2018-08-22 17:53:11,448- keyWordDao.py:[line:72]- INFO - 关键字绑定添加成功
2018-08-22 17:53:11,456- keyWordDao.py:[line:76]- INFO - 关键字解绑更新成功
2018-08-22 17:53:12,077- keyWordDao.py:[line:76]- INFO - 关键字绑定更新成功
2018-08-22 17:53:12,079- keyWordDao.py:[line:76]- INFO - 关键字解绑更新成功
2018-08-22 17:53:12,080- keyWordDao.py:[line:76]- INFO - 关键字成绩更新成功
2018-08-22 17:53:12,082- keyWordDao.py:[line:76]- INFO - 关键字你好更新成功
2018-08-22 17:53:15,138- keyWordDao.py:[line:76]- INFO - 关键字绑定更新成功
2018-08-22 17:53:15,140- keyWordDao.py:[line:76]- INFO - 关键字解绑更新成功
2018-08-22 17:53:15,141- keyWordDao.py:[line:76]- INFO - 关键字成绩更新成功
2018-08-22 17:53:15,143- keyWordDao.py:[line:76]- INFO - 关键字你好更新成功
2018-08-22 17:55:11,526- keyWordDao.py:[line:69]- INFO - 关键字绑定添加成功
2018-08-22 17:55:11,534- keyWordDao.py:[line:69]- INFO - 关键字解绑添加成功
2018-08-22 17:55:11,542- keyWordDao.py:[line:69]- INFO - 关键字成绩添加成功
2018-08-22 17:55:11,548- keyWordDao.py:[line:69]- INFO - 关键字你好添加成功
2018-08-22 17:55:26,760- keyWordDao.py:[line:69]- INFO - 关键字绑定添加成功
2018-08-22 17:55:26,767- keyWordDao.py:[line:69]- INFO - 关键字解绑添加成功
2018-08-22 17:55:26,773- keyWordDao.py:[line:69]- INFO - 关键字成绩添加成功
2018-08-22 17:55:26,780- keyWordDao.py:[line:69]- INFO - 关键字你好添加成功
2018-08-22 17:55:31,386- keyWordDao.py:[line:73]- INFO - 关键字绑定更新成功
2018-08-22 17:55:31,388- keyWordDao.py:[line:73]- INFO - 关键字解绑更新成功
2018-08-22 17:55:31,390- keyWordDao.py:[line:73]- INFO - 关键字成绩更新成功
2018-08-22 17:55:31,392- keyWordDao.py:[line:73]- INFO - 关键字你好更新成功
2018-08-22 17:55:51,079- keyWordDao.py:[line:73]- INFO - 关键字绑定更新成功
2018-08-22 17:55:51,081- keyWordDao.py:[line:73]- INFO - 关键字解绑更新成功
2018-08-22 17:55:51,088- keyWordDao.py:[line:73]- INFO - 关键字成绩更新成功
2018-08-22 17:55:51,089- keyWordDao.py:[line:73]- INFO - 关键字你好更新成功
