2018-08-29 23:00:24,704- userDao.py:[line:32]- INFO - 用户名 oErKPvxKm3-DvHFPjrV-Y67aXsj8 以绑定
2018-08-29 23:00:24,707- scoreDao.py:[line:42]- INFO - 用户oErKPvxKm3-DvHFPjrV-Y67aXsj8今天未调取过爬虫
2018-08-29 23:00:24,707- scoreDao.py:[line:77]- INFO - 用户oErKPvxKm3-DvHFPjrV-Y67aXsj8使用爬虫爬取成绩
2018-08-29 23:00:24,708- userDao.py:[line:32]- INFO - 用户名 oErKPvxKm3-DvHFPjrV-Y67aXsj8 以绑定
2018-08-29 23:00:33,996- scoreDao.py:[line:133]- ERROR - 用户oErKPvxKm3-DvHFPjrV-Y67aXsj8成绩更新失败
2018-08-29 23:00:33,996- scoreDao.py:[line:82]- WARNING - 用户oErKPvxKm3-DvHFPjrV-Y67aXsj8已爬1次
2018-08-29 23:00:33,998- scoreDao.py:[line:42]- INFO - 用户oErKPvxKm3-DvHFPjrV-Y67aXsj8今天未调取过爬虫
2018-08-29 23:00:33,998- scoreDao.py:[line:77]- INFO - 用户oErKPvxKm3-DvHFPjrV-Y67aXsj8使用爬虫爬取成绩
2018-08-29 23:00:33,999- userDao.py:[line:32]- INFO - 用户名 oErKPvxKm3-DvHFPjrV-Y67aXsj8 以绑定
2018-08-29 23:00:50,088- scoreDao.py:[line:136]- ERROR - 用户oErKPvxKm3-DvHFPjrV-Y67aXsj8成绩查询失败
2018-08-29 23:00:50,089- scoreDao.py:[line:82]- WARNING - 用户oErKPvxKm3-DvHFPjrV-Y67aXsj8已爬2次
2018-08-29 23:01:17,029- userDao.py:[line:32]- INFO - 用户名 oErKPvxKm3-DvHFPjrV-Y67aXsj8 以绑定
2018-08-29 23:01:17,032- scoreDao.py:[line:42]- INFO - 用户oErKPvxKm3-DvHFPjrV-Y67aXsj8今天未调取过爬虫
2018-08-29 23:01:17,032- scoreDao.py:[line:77]- INFO - 用户oErKPvxKm3-DvHFPjrV-Y67aXsj8使用爬虫爬取成绩
2018-08-29 23:01:17,033- userDao.py:[line:32]- INFO - 用户名 oErKPvxKm3-DvHFPjrV-Y67aXsj8 以绑定
2018-08-29 23:01:18,956- scoreDao.py:[line:134]- ERROR - 用户oErKPvxKm3-DvHFPjrV-Y67aXsj8成绩更新失败
2018-08-29 23:01:18,957- scoreDao.py:[line:82]- WARNING - 用户oErKPvxKm3-DvHFPjrV-Y67aXsj8已爬1次
2018-08-29 23:01:18,959- scoreDao.py:[line:42]- INFO - 用户oErKPvxKm3-DvHFPjrV-Y67aXsj8今天未调取过爬虫
2018-08-29 23:01:18,959- scoreDao.py:[line:77]- INFO - 用户oErKPvxKm3-DvHFPjrV-Y67aXsj8使用爬虫爬取成绩
2018-08-29 23:01:18,961- userDao.py:[line:32]- INFO - 用户名 oErKPvxKm3-DvHFPjrV-Y67aXsj8 以绑定
2018-08-29 23:01:48,975- scoreDao.py:[line:137]- ERROR - 用户oErKPvxKm3-DvHFPjrV-Y67aXsj8成绩查询失败
2018-08-29 23:01:48,975- scoreDao.py:[line:82]- WARNING - 用户oErKPvxKm3-DvHFPjrV-Y67aXsj8已爬2次
2018-08-29 23:02:03,153- userDao.py:[line:32]- INFO - 用户名 oErKPvxKm3-DvHFPjrV-Y67aXsj8 以绑定
2018-08-29 23:02:03,156- scoreDao.py:[line:42]- INFO - 用户oErKPvxKm3-DvHFPjrV-Y67aXsj8今天未调取过爬虫
2018-08-29 23:02:03,156- scoreDao.py:[line:77]- INFO - 用户oErKPvxKm3-DvHFPjrV-Y67aXsj8使用爬虫爬取成绩
2018-08-29 23:02:03,157- userDao.py:[line:32]- INFO - 用户名 oErKPvxKm3-DvHFPjrV-Y67aXsj8 以绑定
2018-08-29 23:02:04,411- scoreDao.py:[line:137]- ERROR - 用户oErKPvxKm3-DvHFPjrV-Y67aXsj8成绩查询失败
2018-08-29 23:02:04,412- scoreDao.py:[line:82]- WARNING - 用户oErKPvxKm3-DvHFPjrV-Y67aXsj8已爬1次
2018-08-29 23:02:04,415- scoreDao.py:[line:42]- INFO - 用户oErKPvxKm3-DvHFPjrV-Y67aXsj8今天未调取过爬虫
2018-08-29 23:02:04,415- scoreDao.py:[line:77]- INFO - 用户oErKPvxKm3-DvHFPjrV-Y67aXsj8使用爬虫爬取成绩
2018-08-29 23:02:04,416- userDao.py:[line:32]- INFO - 用户名 oErKPvxKm3-DvHFPjrV-Y67aXsj8 以绑定
2018-08-29 23:02:10,757- scoreDao.py:[line:134]- ERROR - 用户oErKPvxKm3-DvHFPjrV-Y67aXsj8成绩更新失败
2018-08-29 23:02:10,757- scoreDao.py:[line:82]- WARNING - 用户oErKPvxKm3-DvHFPjrV-Y67aXsj8已爬2次
2018-08-29 23:26:12,282- userDao.py:[line:32]- INFO - 用户名 oErKPvxKm3-DvHFPjrV-Y67aXsj8 以绑定
2018-08-29 23:26:14,969- userDao.py:[line:32]- INFO - 用户名 oErKPvxKm3-DvHFPjrV-Y67aXsj8 以绑定
2018-08-29 23:26:14,976- scoreDao.py:[line:41]- INFO - 用户oErKPvxKm3-DvHFPjrV-Y67aXsj8今天未调取过爬虫
2018-08-29 23:26:14,976- scoreDao.py:[line:78]- INFO - 用户oErKPvxKm3-DvHFPjrV-Y67aXsj8使用爬虫爬取成绩
2018-08-29 23:26:14,977- userDao.py:[line:32]- INFO - 用户名 oErKPvxKm3-DvHFPjrV-Y67aXsj8 以绑定
2018-08-29 23:26:21,011- scoreDao.py:[line:130]- INFO - 用户oErKPvxKm3-DvHFPjrV-Y67aXsj8成绩更新成功
2018-08-29 23:26:21,013- userDao.py:[line:32]- INFO - 用户名 oErKPvxKm3-DvHFPjrV-Y67aXsj8 以绑定
2018-08-29 23:26:21,015- scoreDao.py:[line:41]- INFO - 用户oErKPvxKm3-DvHFPjrV-Y67aXsj8今天未调取过爬虫
2018-08-29 23:26:21,015- scoreDao.py:[line:78]- INFO - 用户oErKPvxKm3-DvHFPjrV-Y67aXsj8使用爬虫爬取成绩
2018-08-29 23:26:21,016- userDao.py:[line:32]- INFO - 用户名 oErKPvxKm3-DvHFPjrV-Y67aXsj8 以绑定
2018-08-29 23:26:25,246- userDao.py:[line:32]- INFO - 用户名 oErKPvxKm3-DvHFPjrV-Y67aXsj8 以绑定
2018-08-29 23:26:25,248- scoreDao.py:[line:41]- INFO - 用户oErKPvxKm3-DvHFPjrV-Y67aXsj8今天未调取过爬虫
2018-08-29 23:26:25,248- scoreDao.py:[line:78]- INFO - 用户oErKPvxKm3-DvHFPjrV-Y67aXsj8使用爬虫爬取成绩
2018-08-29 23:26:25,249- userDao.py:[line:32]- INFO - 用户名 oErKPvxKm3-DvHFPjrV-Y67aXsj8 以绑定
2018-08-29 23:26:25,296- scoreDao.py:[line:130]- INFO - 用户oErKPvxKm3-DvHFPjrV-Y67aXsj8成绩更新成功
2018-08-29 23:26:25,297- userDao.py:[line:32]- INFO - 用户名 oErKPvxKm3-DvHFPjrV-Y67aXsj8 以绑定
2018-08-29 23:26:25,299- scoreDao.py:[line:41]- INFO - 用户oErKPvxKm3-DvHFPjrV-Y67aXsj8今天未调取过爬虫
2018-08-29 23:26:25,299- scoreDao.py:[line:78]- INFO - 用户oErKPvxKm3-DvHFPjrV-Y67aXsj8使用爬虫爬取成绩
2018-08-29 23:26:25,301- userDao.py:[line:32]- INFO - 用户名 oErKPvxKm3-DvHFPjrV-Y67aXsj8 以绑定
2018-08-29 23:26:26,972- scoreDao.py:[line:130]- INFO - 用户oErKPvxKm3-DvHFPjrV-Y67aXsj8成绩更新成功
2018-08-29 23:26:26,974- userDao.py:[line:32]- INFO - 用户名 oErKPvxKm3-DvHFPjrV-Y67aXsj8 以绑定
2018-08-29 23:26:26,976- scoreDao.py:[line:41]- INFO - 用户oErKPvxKm3-DvHFPjrV-Y67aXsj8今天未调取过爬虫
2018-08-29 23:26:26,976- scoreDao.py:[line:78]- INFO - 用户oErKPvxKm3-DvHFPjrV-Y67aXsj8使用爬虫爬取成绩
2018-08-29 23:26:26,977- userDao.py:[line:32]- INFO - 用户名 oErKPvxKm3-DvHFPjrV-Y67aXsj8 以绑定
2018-08-29 23:26:30,759- scoreDao.py:[line:130]- INFO - 用户oErKPvxKm3-DvHFPjrV-Y67aXsj8成绩更新成功
2018-08-29 23:26:30,760- userDao.py:[line:32]- INFO - 用户名 oErKPvxKm3-DvHFPjrV-Y67aXsj8 以绑定
2018-08-29 23:26:30,762- scoreDao.py:[line:41]- INFO - 用户oErKPvxKm3-DvHFPjrV-Y67aXsj8今天未调取过爬虫
2018-08-29 23:26:30,762- scoreDao.py:[line:78]- INFO - 用户oErKPvxKm3-DvHFPjrV-Y67aXsj8使用爬虫爬取成绩
2018-08-29 23:26:30,763- userDao.py:[line:32]- INFO - 用户名 oErKPvxKm3-DvHFPjrV-Y67aXsj8 以绑定
2018-08-29 23:26:32,058- scoreDao.py:[line:133]- ERROR - 用户oErKPvxKm3-DvHFPjrV-Y67aXsj8成绩查询失败
2018-08-29 23:26:32,058- scoreDao.py:[line:83]- WARNING - 用户oErKPvxKm3-DvHFPjrV-Y67aXsj8已爬1次
2018-08-29 23:26:32,061- userDao.py:[line:32]- INFO - 用户名 oErKPvxKm3-DvHFPjrV-Y67aXsj8 以绑定
2018-08-29 23:26:32,063- scoreDao.py:[line:41]- INFO - 用户oErKPvxKm3-DvHFPjrV-Y67aXsj8今天未调取过爬虫
2018-08-29 23:26:32,063- scoreDao.py:[line:78]- INFO - 用户oErKPvxKm3-DvHFPjrV-Y67aXsj8使用爬虫爬取成绩
2018-08-29 23:26:32,064- userDao.py:[line:32]- INFO - 用户名 oErKPvxKm3-DvHFPjrV-Y67aXsj8 以绑定
2018-08-29 23:26:34,035- scoreDao.py:[line:130]- INFO - 用户oErKPvxKm3-DvHFPjrV-Y67aXsj8成绩更新成功
2018-08-29 23:26:34,036- userDao.py:[line:32]- INFO - 用户名 oErKPvxKm3-DvHFPjrV-Y67aXsj8 以绑定
2018-08-29 23:26:34,038- scoreDao.py:[line:41]- INFO - 用户oErKPvxKm3-DvHFPjrV-Y67aXsj8今天未调取过爬虫
2018-08-29 23:26:34,038- scoreDao.py:[line:78]- INFO - 用户oErKPvxKm3-DvHFPjrV-Y67aXsj8使用爬虫爬取成绩
2018-08-29 23:26:34,039- userDao.py:[line:32]- INFO - 用户名 oErKPvxKm3-DvHFPjrV-Y67aXsj8 以绑定
2018-08-29 23:26:39,473- scoreDao.py:[line:130]- INFO - 用户oErKPvxKm3-DvHFPjrV-Y67aXsj8成绩更新成功
2018-08-29 23:26:39,475- userDao.py:[line:32]- INFO - 用户名 oErKPvxKm3-DvHFPjrV-Y67aXsj8 以绑定
2018-08-29 23:26:39,476- scoreDao.py:[line:41]- INFO - 用户oErKPvxKm3-DvHFPjrV-Y67aXsj8今天未调取过爬虫
2018-08-29 23:26:39,476- scoreDao.py:[line:78]- INFO - 用户oErKPvxKm3-DvHFPjrV-Y67aXsj8使用爬虫爬取成绩
2018-08-29 23:26:39,477- userDao.py:[line:32]- INFO - 用户名 oErKPvxKm3-DvHFPjrV-Y67aXsj8 以绑定
2018-08-29 23:26:43,562- scoreDao.py:[line:130]- INFO - 用户oErKPvxKm3-DvHFPjrV-Y67aXsj8成绩更新成功
2018-08-29 23:26:43,563- userDao.py:[line:32]- INFO - 用户名 oErKPvxKm3-DvHFPjrV-Y67aXsj8 以绑定
2018-08-29 23:26:43,565- scoreDao.py:[line:41]- INFO - 用户oErKPvxKm3-DvHFPjrV-Y67aXsj8今天未调取过爬虫
2018-08-29 23:26:43,565- scoreDao.py:[line:78]- INFO - 用户oErKPvxKm3-DvHFPjrV-Y67aXsj8使用爬虫爬取成绩
2018-08-29 23:26:43,567- userDao.py:[line:32]- INFO - 用户名 oErKPvxKm3-DvHFPjrV-Y67aXsj8 以绑定
2018-08-29 23:26:43,782- scoreDao.py:[line:133]- ERROR - 用户oErKPvxKm3-DvHFPjrV-Y67aXsj8成绩查询失败
2018-08-29 23:26:43,782- scoreDao.py:[line:83]- WARNING - 用户oErKPvxKm3-DvHFPjrV-Y67aXsj8已爬1次
2018-08-29 23:26:43,784- userDao.py:[line:32]- INFO - 用户名 oErKPvxKm3-DvHFPjrV-Y67aXsj8 以绑定
2018-08-29 23:26:43,785- scoreDao.py:[line:41]- INFO - 用户oErKPvxKm3-DvHFPjrV-Y67aXsj8今天未调取过爬虫
2018-08-29 23:26:43,785- scoreDao.py:[line:78]- INFO - 用户oErKPvxKm3-DvHFPjrV-Y67aXsj8使用爬虫爬取成绩
2018-08-29 23:26:43,787- userDao.py:[line:32]- INFO - 用户名 oErKPvxKm3-DvHFPjrV-Y67aXsj8 以绑定
2018-08-29 23:26:46,981- scoreDao.py:[line:130]- INFO - 用户oErKPvxKm3-DvHFPjrV-Y67aXsj8成绩更新成功
2018-08-29 23:26:46,983- userDao.py:[line:32]- INFO - 用户名 oErKPvxKm3-DvHFPjrV-Y67aXsj8 以绑定
2018-08-29 23:26:46,985- scoreDao.py:[line:41]- INFO - 用户oErKPvxKm3-DvHFPjrV-Y67aXsj8今天未调取过爬虫
2018-08-29 23:26:46,985- scoreDao.py:[line:78]- INFO - 用户oErKPvxKm3-DvHFPjrV-Y67aXsj8使用爬虫爬取成绩
2018-08-29 23:26:46,986- userDao.py:[line:32]- INFO - 用户名 oErKPvxKm3-DvHFPjrV-Y67aXsj8 以绑定
2018-08-29 23:26:49,150- scoreDao.py:[line:130]- INFO - 用户oErKPvxKm3-DvHFPjrV-Y67aXsj8成绩更新成功
2018-08-29 23:26:49,152- userDao.py:[line:32]- INFO - 用户名 oErKPvxKm3-DvHFPjrV-Y67aXsj8 以绑定
2018-08-29 23:26:49,154- scoreDao.py:[line:41]- INFO - 用户oErKPvxKm3-DvHFPjrV-Y67aXsj8今天未调取过爬虫
2018-08-29 23:26:49,154- scoreDao.py:[line:78]- INFO - 用户oErKPvxKm3-DvHFPjrV-Y67aXsj8使用爬虫爬取成绩
2018-08-29 23:26:49,155- userDao.py:[line:32]- INFO - 用户名 oErKPvxKm3-DvHFPjrV-Y67aXsj8 以绑定
2018-08-29 23:26:52,741- scoreDao.py:[line:130]- INFO - 用户oErKPvxKm3-DvHFPjrV-Y67aXsj8成绩更新成功
2018-08-29 23:26:52,742- userDao.py:[line:32]- INFO - 用户名 oErKPvxKm3-DvHFPjrV-Y67aXsj8 以绑定
2018-08-29 23:26:52,744- scoreDao.py:[line:41]- INFO - 用户oErKPvxKm3-DvHFPjrV-Y67aXsj8今天未调取过爬虫
2018-08-29 23:26:52,744- scoreDao.py:[line:78]- INFO - 用户oErKPvxKm3-DvHFPjrV-Y67aXsj8使用爬虫爬取成绩
2018-08-29 23:26:52,746- userDao.py:[line:32]- INFO - 用户名 oErKPvxKm3-DvHFPjrV-Y67aXsj8 以绑定
2018-08-29 23:26:55,028- scoreDao.py:[line:130]- INFO - 用户oErKPvxKm3-DvHFPjrV-Y67aXsj8成绩更新成功
2018-08-29 23:26:55,029- userDao.py:[line:32]- INFO - 用户名 oErKPvxKm3-DvHFPjrV-Y67aXsj8 以绑定
2018-08-29 23:26:55,031- scoreDao.py:[line:41]- INFO - 用户oErKPvxKm3-DvHFPjrV-Y67aXsj8今天未调取过爬虫
2018-08-29 23:26:55,031- scoreDao.py:[line:78]- INFO - 用户oErKPvxKm3-DvHFPjrV-Y67aXsj8使用爬虫爬取成绩
2018-08-29 23:26:55,032- userDao.py:[line:32]- INFO - 用户名 oErKPvxKm3-DvHFPjrV-Y67aXsj8 以绑定
2018-08-29 23:26:56,266- scoreDao.py:[line:133]- ERROR - 用户oErKPvxKm3-DvHFPjrV-Y67aXsj8成绩查询失败
2018-08-29 23:26:56,266- scoreDao.py:[line:83]- WARNING - 用户oErKPvxKm3-DvHFPjrV-Y67aXsj8已爬2次
2018-08-29 23:26:56,269- userDao.py:[line:32]- INFO - 用户名 oErKPvxKm3-DvHFPjrV-Y67aXsj8 以绑定
2018-08-29 23:27:16,812- userDao.py:[line:32]- INFO - 用户名 oErKPvxKm3-DvHFPjrV-Y67aXsj8 以绑定
2018-08-29 23:27:16,814- scoreDao.py:[line:41]- INFO - 用户oErKPvxKm3-DvHFPjrV-Y67aXsj8今天未调取过爬虫
2018-08-29 23:27:16,814- scoreDao.py:[line:78]- INFO - 用户oErKPvxKm3-DvHFPjrV-Y67aXsj8使用爬虫爬取成绩
2018-08-29 23:27:16,815- userDao.py:[line:32]- INFO - 用户名 oErKPvxKm3-DvHFPjrV-Y67aXsj8 以绑定
2018-08-29 23:27:17,022- scoreDao.py:[line:133]- ERROR - 用户oErKPvxKm3-DvHFPjrV-Y67aXsj8成绩查询失败
2018-08-29 23:27:17,022- scoreDao.py:[line:83]- WARNING - 用户oErKPvxKm3-DvHFPjrV-Y67aXsj8已爬2次
2018-08-29 23:27:17,024- userDao.py:[line:32]- INFO - 用户名 oErKPvxKm3-DvHFPjrV-Y67aXsj8 以绑定
2018-08-29 23:27:18,425- scoreDao.py:[line:133]- ERROR - 用户oErKPvxKm3-DvHFPjrV-Y67aXsj8成绩查询失败
2018-08-29 23:27:18,425- scoreDao.py:[line:83]- WARNING - 用户oErKPvxKm3-DvHFPjrV-Y67aXsj8已爬1次
2018-08-29 23:27:18,427- userDao.py:[line:32]- INFO - 用户名 oErKPvxKm3-DvHFPjrV-Y67aXsj8 以绑定
2018-08-29 23:27:18,429- scoreDao.py:[line:41]- INFO - 用户oErKPvxKm3-DvHFPjrV-Y67aXsj8今天未调取过爬虫
2018-08-29 23:27:18,429- scoreDao.py:[line:78]- INFO - 用户oErKPvxKm3-DvHFPjrV-Y67aXsj8使用爬虫爬取成绩
2018-08-29 23:27:18,430- userDao.py:[line:32]- INFO - 用户名 oErKPvxKm3-DvHFPjrV-Y67aXsj8 以绑定
2018-08-29 23:27:24,520- scoreDao.py:[line:130]- INFO - 用户oErKPvxKm3-DvHFPjrV-Y67aXsj8成绩更新成功
2018-08-29 23:27:24,521- userDao.py:[line:32]- INFO - 用户名 oErKPvxKm3-DvHFPjrV-Y67aXsj8 以绑定
2018-08-29 23:27:24,523- scoreDao.py:[line:41]- INFO - 用户oErKPvxKm3-DvHFPjrV-Y67aXsj8今天未调取过爬虫
2018-08-29 23:27:24,523- scoreDao.py:[line:78]- INFO - 用户oErKPvxKm3-DvHFPjrV-Y67aXsj8使用爬虫爬取成绩
2018-08-29 23:27:24,525- userDao.py:[line:32]- INFO - 用户名 oErKPvxKm3-DvHFPjrV-Y67aXsj8 以绑定
2018-08-29 23:27:26,925- scoreDao.py:[line:130]- INFO - 用户oErKPvxKm3-DvHFPjrV-Y67aXsj8成绩更新成功
2018-08-29 23:27:26,927- userDao.py:[line:32]- INFO - 用户名 oErKPvxKm3-DvHFPjrV-Y67aXsj8 以绑定
2018-08-29 23:27:26,928- scoreDao.py:[line:41]- INFO - 用户oErKPvxKm3-DvHFPjrV-Y67aXsj8今天未调取过爬虫
2018-08-29 23:27:26,929- scoreDao.py:[line:78]- INFO - 用户oErKPvxKm3-DvHFPjrV-Y67aXsj8使用爬虫爬取成绩
2018-08-29 23:27:26,930- userDao.py:[line:32]- INFO - 用户名 oErKPvxKm3-DvHFPjrV-Y67aXsj8 以绑定
2018-08-29 23:27:27,010- userDao.py:[line:32]- INFO - 用户名 oErKPvxKm3-DvHFPjrV-Y67aXsj8 以绑定
2018-08-29 23:27:27,012- scoreDao.py:[line:41]- INFO - 用户oErKPvxKm3-DvHFPjrV-Y67aXsj8今天未调取过爬虫
2018-08-29 23:27:27,012- scoreDao.py:[line:78]- INFO - 用户oErKPvxKm3-DvHFPjrV-Y67aXsj8使用爬虫爬取成绩
2018-08-29 23:27:27,013- userDao.py:[line:32]- INFO - 用户名 oErKPvxKm3-DvHFPjrV-Y67aXsj8 以绑定
2018-08-29 23:27:28,512- scoreDao.py:[line:130]- INFO - 用户oErKPvxKm3-DvHFPjrV-Y67aXsj8成绩更新成功
2018-08-29 23:27:28,515- userDao.py:[line:32]- INFO - 用户名 oErKPvxKm3-DvHFPjrV-Y67aXsj8 以绑定
2018-08-29 23:27:28,517- scoreDao.py:[line:41]- INFO - 用户oErKPvxKm3-DvHFPjrV-Y67aXsj8今天未调取过爬虫
2018-08-29 23:27:28,517- scoreDao.py:[line:78]- INFO - 用户oErKPvxKm3-DvHFPjrV-Y67aXsj8使用爬虫爬取成绩
2018-08-29 23:27:28,519- userDao.py:[line:32]- INFO - 用户名 oErKPvxKm3-DvHFPjrV-Y67aXsj8 以绑定
2018-08-29 23:27:33,377- scoreDao.py:[line:130]- INFO - 用户oErKPvxKm3-DvHFPjrV-Y67aXsj8成绩更新成功
2018-08-29 23:27:33,379- userDao.py:[line:32]- INFO - 用户名 oErKPvxKm3-DvHFPjrV-Y67aXsj8 以绑定
2018-08-29 23:27:33,381- scoreDao.py:[line:41]- INFO - 用户oErKPvxKm3-DvHFPjrV-Y67aXsj8今天未调取过爬虫
2018-08-29 23:27:33,381- scoreDao.py:[line:78]- INFO - 用户oErKPvxKm3-DvHFPjrV-Y67aXsj8使用爬虫爬取成绩
2018-08-29 23:27:33,382- userDao.py:[line:32]- INFO - 用户名 oErKPvxKm3-DvHFPjrV-Y67aXsj8 以绑定
2018-08-29 23:27:37,621- scoreDao.py:[line:130]- INFO - 用户oErKPvxKm3-DvHFPjrV-Y67aXsj8成绩更新成功
2018-08-29 23:27:37,623- userDao.py:[line:32]- INFO - 用户名 oErKPvxKm3-DvHFPjrV-Y67aXsj8 以绑定
2018-08-29 23:27:37,625- scoreDao.py:[line:41]- INFO - 用户oErKPvxKm3-DvHFPjrV-Y67aXsj8今天未调取过爬虫
2018-08-29 23:27:37,625- scoreDao.py:[line:78]- INFO - 用户oErKPvxKm3-DvHFPjrV-Y67aXsj8使用爬虫爬取成绩
2018-08-29 23:27:37,626- userDao.py:[line:32]- INFO - 用户名 oErKPvxKm3-DvHFPjrV-Y67aXsj8 以绑定
2018-08-29 23:27:43,760- scoreDao.py:[line:130]- INFO - 用户oErKPvxKm3-DvHFPjrV-Y67aXsj8成绩更新成功
2018-08-29 23:27:43,761- userDao.py:[line:32]- INFO - 用户名 oErKPvxKm3-DvHFPjrV-Y67aXsj8 以绑定
2018-08-29 23:27:43,763- scoreDao.py:[line:41]- INFO - 用户oErKPvxKm3-DvHFPjrV-Y67aXsj8今天未调取过爬虫
2018-08-29 23:27:43,763- scoreDao.py:[line:78]- INFO - 用户oErKPvxKm3-DvHFPjrV-Y67aXsj8使用爬虫爬取成绩
2018-08-29 23:27:43,764- userDao.py:[line:32]- INFO - 用户名 oErKPvxKm3-DvHFPjrV-Y67aXsj8 以绑定
2018-08-29 23:28:05,243- scoreDao.py:[line:133]- ERROR - 用户oErKPvxKm3-DvHFPjrV-Y67aXsj8成绩查询失败
2018-08-29 23:28:05,243- scoreDao.py:[line:83]- WARNING - 用户oErKPvxKm3-DvHFPjrV-Y67aXsj8已爬2次
2018-08-29 23:28:05,245- userDao.py:[line:32]- INFO - 用户名 oErKPvxKm3-DvHFPjrV-Y67aXsj8 以绑定
2018-08-29 23:28:13,984- scoreDao.py:[line:133]- ERROR - 用户oErKPvxKm3-DvHFPjrV-Y67aXsj8成绩查询失败
2018-08-29 23:28:13,984- scoreDao.py:[line:83]- WARNING - 用户oErKPvxKm3-DvHFPjrV-Y67aXsj8已爬1次
2018-08-29 23:28:13,986- userDao.py:[line:32]- INFO - 用户名 oErKPvxKm3-DvHFPjrV-Y67aXsj8 以绑定
2018-08-29 23:28:13,988- scoreDao.py:[line:41]- INFO - 用户oErKPvxKm3-DvHFPjrV-Y67aXsj8今天未调取过爬虫
2018-08-29 23:28:13,988- scoreDao.py:[line:78]- INFO - 用户oErKPvxKm3-DvHFPjrV-Y67aXsj8使用爬虫爬取成绩
2018-08-29 23:28:13,989- userDao.py:[line:32]- INFO - 用户名 oErKPvxKm3-DvHFPjrV-Y67aXsj8 以绑定
2018-08-29 23:28:15,928- scoreDao.py:[line:130]- INFO - 用户oErKPvxKm3-DvHFPjrV-Y67aXsj8成绩更新成功
2018-08-29 23:28:15,929- userDao.py:[line:32]- INFO - 用户名 oErKPvxKm3-DvHFPjrV-Y67aXsj8 以绑定
2018-08-29 23:28:15,931- scoreDao.py:[line:41]- INFO - 用户oErKPvxKm3-DvHFPjrV-Y67aXsj8今天未调取过爬虫
2018-08-29 23:28:15,931- scoreDao.py:[line:78]- INFO - 用户oErKPvxKm3-DvHFPjrV-Y67aXsj8使用爬虫爬取成绩
2018-08-29 23:28:15,932- userDao.py:[line:32]- INFO - 用户名 oErKPvxKm3-DvHFPjrV-Y67aXsj8 以绑定
2018-08-29 23:28:20,230- scoreDao.py:[line:130]- INFO - 用户oErKPvxKm3-DvHFPjrV-Y67aXsj8成绩更新成功
2018-08-29 23:28:20,231- userDao.py:[line:32]- INFO - 用户名 oErKPvxKm3-DvHFPjrV-Y67aXsj8 以绑定
2018-08-29 23:28:20,233- scoreDao.py:[line:41]- INFO - 用户oErKPvxKm3-DvHFPjrV-Y67aXsj8今天未调取过爬虫
2018-08-29 23:28:20,233- scoreDao.py:[line:78]- INFO - 用户oErKPvxKm3-DvHFPjrV-Y67aXsj8使用爬虫爬取成绩
2018-08-29 23:28:20,234- userDao.py:[line:32]- INFO - 用户名 oErKPvxKm3-DvHFPjrV-Y67aXsj8 以绑定
2018-08-29 23:32:34,581- userDao.py:[line:32]- INFO - 用户名 oErKPvxKm3-DvHFPjrV-Y67aXsj8 以绑定
2018-08-29 23:32:34,583- scoreDao.py:[line:41]- INFO - 用户oErKPvxKm3-DvHFPjrV-Y67aXsj8今天未调取过爬虫
2018-08-29 23:32:34,583- scoreDao.py:[line:78]- INFO - 用户oErKPvxKm3-DvHFPjrV-Y67aXsj8使用爬虫爬取成绩
2018-08-29 23:32:34,585- userDao.py:[line:32]- INFO - 用户名 oErKPvxKm3-DvHFPjrV-Y67aXsj8 以绑定
2018-08-29 23:32:40,847- scoreDao.py:[line:130]- INFO - 用户oErKPvxKm3-DvHFPjrV-Y67aXsj8成绩更新成功
2018-08-29 23:32:40,848- userDao.py:[line:32]- INFO - 用户名 oErKPvxKm3-DvHFPjrV-Y67aXsj8 以绑定
2018-08-29 23:32:40,850- scoreDao.py:[line:41]- INFO - 用户oErKPvxKm3-DvHFPjrV-Y67aXsj8今天未调取过爬虫
2018-08-29 23:32:40,850- scoreDao.py:[line:78]- INFO - 用户oErKPvxKm3-DvHFPjrV-Y67aXsj8使用爬虫爬取成绩
2018-08-29 23:32:40,851- userDao.py:[line:32]- INFO - 用户名 oErKPvxKm3-DvHFPjrV-Y67aXsj8 以绑定
2018-08-29 23:32:45,928- scoreDao.py:[line:130]- INFO - 用户oErKPvxKm3-DvHFPjrV-Y67aXsj8成绩更新成功
2018-08-29 23:32:45,929- userDao.py:[line:32]- INFO - 用户名 oErKPvxKm3-DvHFPjrV-Y67aXsj8 以绑定
2018-08-29 23:32:45,932- scoreDao.py:[line:41]- INFO - 用户oErKPvxKm3-DvHFPjrV-Y67aXsj8今天未调取过爬虫
2018-08-29 23:32:45,932- scoreDao.py:[line:78]- INFO - 用户oErKPvxKm3-DvHFPjrV-Y67aXsj8使用爬虫爬取成绩
2018-08-29 23:32:45,933- userDao.py:[line:32]- INFO - 用户名 oErKPvxKm3-DvHFPjrV-Y67aXsj8 以绑定
2018-08-29 23:32:46,883- scoreDao.py:[line:133]- ERROR - 用户oErKPvxKm3-DvHFPjrV-Y67aXsj8成绩查询失败
2018-08-29 23:32:46,883- scoreDao.py:[line:83]- WARNING - 用户oErKPvxKm3-DvHFPjrV-Y67aXsj8已爬1次
2018-08-29 23:32:46,885- userDao.py:[line:32]- INFO - 用户名 oErKPvxKm3-DvHFPjrV-Y67aXsj8 以绑定
2018-08-29 23:32:46,887- scoreDao.py:[line:41]- INFO - 用户oErKPvxKm3-DvHFPjrV-Y67aXsj8今天未调取过爬虫
2018-08-29 23:32:46,887- scoreDao.py:[line:78]- INFO - 用户oErKPvxKm3-DvHFPjrV-Y67aXsj8使用爬虫爬取成绩
2018-08-29 23:32:46,889- userDao.py:[line:32]- INFO - 用户名 oErKPvxKm3-DvHFPjrV-Y67aXsj8 以绑定
2018-08-29 23:32:47,979- scoreDao.py:[line:133]- ERROR - 用户oErKPvxKm3-DvHFPjrV-Y67aXsj8成绩查询失败
2018-08-29 23:32:47,979- scoreDao.py:[line:83]- WARNING - 用户oErKPvxKm3-DvHFPjrV-Y67aXsj8已爬2次
2018-08-29 23:32:47,981- userDao.py:[line:32]- INFO - 用户名 oErKPvxKm3-DvHFPjrV-Y67aXsj8 以绑定
2018-08-29 23:33:03,906- userDao.py:[line:32]- INFO - 用户名 oErKPvxKm3-DvHFPjrV-Y67aXsj8 以绑定
2018-08-29 23:33:08,108- scoreDao.py:[line:41]- INFO - 用户oErKPvxKm3-DvHFPjrV-Y67aXsj8今天未调取过爬虫
2018-08-29 23:33:08,790- scoreDao.py:[line:78]- INFO - 用户oErKPvxKm3-DvHFPjrV-Y67aXsj8使用爬虫爬取成绩
2018-08-29 23:33:12,952- userDao.py:[line:32]- INFO - 用户名 oErKPvxKm3-DvHFPjrV-Y67aXsj8 以绑定
2018-08-29 23:34:52,968- scoreDao.py:[line:130]- INFO - 用户oErKPvxKm3-DvHFPjrV-Y67aXsj8成绩更新成功
2018-08-29 23:43:21,440- userDao.py:[line:32]- INFO - 用户名 oiPzm0a6XCztzqZnyqSJOeqji7E4 以绑定
2018-08-29 23:43:21,442- scoreDao.py:[line:38]- INFO - 用户oiPzm0a6XCztzqZnyqSJOeqji7E4今天已经爬取过成绩
2018-08-29 23:43:21,442- scoreDao.py:[line:86]- INFO - 用户oiPzm0a6XCztzqZnyqSJOeqji7E4从数据库中取成绩
2018-08-29 23:44:10,205- userDao.py:[line:32]- INFO - 用户名 oErKPvxKm3-DvHFPjrV-Y67aXsj8 以绑定
2018-08-29 23:44:13,084- userDao.py:[line:32]- INFO - 用户名 oErKPvxKm3-DvHFPjrV-Y67aXsj8 以绑定
2018-08-29 23:44:13,087- scoreDao.py:[line:41]- INFO - 用户oErKPvxKm3-DvHFPjrV-Y67aXsj8今天未调取过爬虫
2018-08-29 23:44:13,087- scoreDao.py:[line:78]- INFO - 用户oErKPvxKm3-DvHFPjrV-Y67aXsj8使用爬虫爬取成绩
2018-08-29 23:44:13,088- userDao.py:[line:32]- INFO - 用户名 oErKPvxKm3-DvHFPjrV-Y67aXsj8 以绑定
2018-08-29 23:44:19,610- scoreDao.py:[line:131]- INFO - 用户oErKPvxKm3-DvHFPjrV-Y67aXsj8成绩更新成功
2018-08-29 23:44:19,611- userDao.py:[line:32]- INFO - 用户名 oErKPvxKm3-DvHFPjrV-Y67aXsj8 以绑定
2018-08-29 23:44:19,613- scoreDao.py:[line:38]- INFO - 用户oErKPvxKm3-DvHFPjrV-Y67aXsj8今天已经爬取过成绩
2018-08-29 23:44:19,613- scoreDao.py:[line:86]- INFO - 用户oErKPvxKm3-DvHFPjrV-Y67aXsj8从数据库中取成绩
2018-08-29 23:44:36,026- userDao.py:[line:32]- INFO - 用户名 oErKPvxKm3-DvHFPjrV-Y67aXsj8 以绑定
2018-08-29 23:44:36,033- userDao.py:[line:74]- INFO - 用户oErKPvxKm3-DvHFPjrV-Y67aXsj8解绑成功
2018-08-29 23:44:42,116- userDao.py:[line:29]- INFO - 用户名 oErKPvxKm3-DvHFPjrV-Y67aXsj8 以解绑
2018-08-29 23:44:44,987- userDao.py:[line:29]- INFO - 用户名 oErKPvxKm3-DvHFPjrV-Y67aXsj8 以解绑
2018-08-29 23:44:47,239- userDao.py:[line:32]- INFO - 用户名 oErKPvxKm3-DvHFPjrV-Y67aXsj8 以绑定
2018-08-29 23:44:50,995- userDao.py:[line:29]- INFO - 用户名 oErKPvxKm3-DvHFPjrV-Y67aXsj8 以解绑
2018-08-29 23:44:54,850- userDao.py:[line:29]- INFO - 用户名 oErKPvxKm3-DvHFPjrV-Y67aXsj8 以解绑
2018-08-29 23:44:54,856- userDao.py:[line:59]- INFO - 用户oErKPvxKm3-DvHFPjrV-Y67aXsj8用户绑定成功
2018-08-29 23:44:59,211- userDao.py:[line:32]- INFO - 用户名 oErKPvxKm3-DvHFPjrV-Y67aXsj8 以绑定
2018-08-29 23:45:01,492- userDao.py:[line:32]- INFO - 用户名 oErKPvxKm3-DvHFPjrV-Y67aXsj8 以绑定
2018-08-29 23:45:01,494- scoreDao.py:[line:38]- INFO - 用户oErKPvxKm3-DvHFPjrV-Y67aXsj8今天已经爬取过成绩
2018-08-29 23:45:01,494- scoreDao.py:[line:86]- INFO - 用户oErKPvxKm3-DvHFPjrV-Y67aXsj8从数据库中取成绩
2018-08-29 23:56:42,373- userDao.py:[line:32]- INFO - 用户名 oErKPvxKm3-DvHFPjrV-Y67aXsj8 以绑定
2018-08-29 23:56:42,375- userDao.py:[line:32]- INFO - 用户名 oErKPvxKm3-DvHFPjrV-Y67aXsj8 以绑定
2018-08-29 23:59:08,299- userDao.py:[line:32]- INFO - 用户名 oErKPvxKm3-DvHFPjrV-Y67aXsj8 以绑定
2018-08-29 23:59:08,300- userDao.py:[line:32]- INFO - 用户名 oErKPvxKm3-DvHFPjrV-Y67aXsj8 以绑定
2018-08-29 23:59:45,866- userDao.py:[line:32]- INFO - 用户名 oErKPvxKm3-DvHFPjrV-Y67aXsj8 以绑定
2018-08-29 23:59:45,868- userDao.py:[line:32]- INFO - 用户名 oErKPvxKm3-DvHFPjrV-Y67aXsj8 以绑定
