2018-08-22 10:05:11,445- userDao.py:[line:25]- INFO - 用户名 123456 以绑定
2018-08-22 10:05:11,446- userDao.py:[line:40]- ERROR - 用户123456用户绑定失败
2018-08-22 10:05:25,591- scoreDao.py:[line:44]- INFO - 用户123456数据库中无成绩
2018-08-22 10:05:42,432- userDao.py:[line:25]- INFO - 用户名 123456 以绑定
2018-08-22 10:09:14,691- scoreDao.py:[line:67]- INFO - 用户123456成绩更新成功
2018-08-22 10:09:22,072- scoreDao.py:[line:29]- INFO - 用户123456今天已经爬取过成绩
2018-08-22 10:09:22,072- scoreDao.py:[line:56]- INFO - 用户123456从数据库中取成绩
2018-08-22 10:11:02,194- userDao.py:[line:25]- INFO - 用户名 123456 以绑定
2018-08-22 10:11:02,194- userDao.py:[line:40]- ERROR - 用户123456用户绑定失败
2018-08-22 10:11:02,313- scoreDao.py:[line:44]- INFO - 用户123456数据库中无成绩
2018-08-22 10:11:02,316- userDao.py:[line:25]- INFO - 用户名 123456 以绑定
2018-08-22 10:11:10,325- scoreDao.py:[line:67]- INFO - 用户123456成绩更新成功
2018-08-22 10:11:10,328- scoreDao.py:[line:29]- INFO - 用户123456今天已经爬取过成绩
2018-08-22 10:11:10,328- scoreDao.py:[line:56]- INFO - 用户123456从数据库中取成绩
2018-08-22 10:11:43,412- userDao.py:[line:25]- INFO - 用户名 123456 以绑定
2018-08-22 10:11:43,412- userDao.py:[line:40]- ERROR - 用户123456用户绑定失败
2018-08-22 10:34:38,814- scoreDao.py:[line:44]- INFO - 用户123456数据库中无成绩
2018-08-22 10:34:38,816- userDao.py:[line:25]- INFO - 用户名 123456 以绑定
2018-08-22 10:34:40,701- scoreDao.py:[line:67]- INFO - 用户123456成绩更新成功
2018-08-22 10:34:40,704- scoreDao.py:[line:29]- INFO - 用户123456今天已经爬取过成绩
2018-08-22 10:34:40,704- scoreDao.py:[line:56]- INFO - 用户123456从数据库中取成绩
2018-08-22 10:37:10,613- scoreDao.py:[line:29]- INFO - 用户123456今天已经爬取过成绩
2018-08-22 10:37:10,613- scoreDao.py:[line:56]- INFO - 用户123456从数据库中取成绩
2018-08-22 10:38:21,259- scoreDao.py:[line:29]- INFO - 用户123456今天已经爬取过成绩
2018-08-22 10:38:21,259- scoreDao.py:[line:56]- INFO - 用户123456从数据库中取成绩
