2018-08-29 22:00:56,661- userDao.py:[line:32]- INFO - 用户名 oErKPvxKm3-DvHFPjrV-Y67aXsj8 以绑定
2018-08-29 22:00:56,667- userDao.py:[line:74]- INFO - 用户oErKPvxKm3-DvHFPjrV-Y67aXsj8解绑成功
2018-08-29 22:00:59,672- userDao.py:[line:29]- INFO - 用户名 oErKPvxKm3-DvHFPjrV-Y67aXsj8 以解绑
2018-08-29 22:00:59,672- userDao.py:[line:77]- ERROR - 用户oErKPvxKm3-DvHFPjrV-Y67aXsj8未绑定，无法解绑
2018-08-29 22:01:02,082- userDao.py:[line:29]- INFO - 用户名 oErKPvxKm3-DvHFPjrV-Y67aXsj8 以解绑
2018-08-29 22:01:02,082- userDao.py:[line:77]- ERROR - 用户oErKPvxKm3-DvHFPjrV-Y67aXsj8未绑定，无法解绑
2018-08-29 22:01:04,924- userDao.py:[line:29]- INFO - 用户名 oErKPvxKm3-DvHFPjrV-Y67aXsj8 以解绑
2018-08-29 22:01:04,924- userDao.py:[line:77]- ERROR - 用户oErKPvxKm3-DvHFPjrV-Y67aXsj8未绑定，无法解绑
2018-08-29 22:01:07,492- userDao.py:[line:29]- INFO - 用户名 oErKPvxKm3-DvHFPjrV-Y67aXsj8 以解绑
2018-08-29 22:01:19,289- userDao.py:[line:29]- INFO - 用户名 oErKPvxKm3-DvHFPjrV-Y67aXsj8 以解绑
2018-08-29 22:01:19,296- userDao.py:[line:59]- INFO - 用户oErKPvxKm3-DvHFPjrV-Y67aXsj8用户绑定成功
2018-08-29 22:01:22,926- userDao.py:[line:29]- INFO - 用户名 oErKPvxKm3-DvHFPjrV-Y67aXsj8 以解绑
2018-08-29 22:01:29,908- userDao.py:[line:29]- INFO - 用户名 oErKPvxKm3-DvHFPjrV-Y67aXsj8 以解绑
2018-08-29 22:01:33,440- userDao.py:[line:32]- INFO - 用户名 oErKPvxKm3-DvHFPjrV-Y67aXsj8 以绑定
2018-08-29 22:01:33,440- userDao.py:[line:56]- ERROR - 用户oErKPvxKm3-DvHFPjrV-Y67aXsj8用户绑定失败
2018-08-29 22:01:40,409- userDao.py:[line:32]- INFO - 用户名 oErKPvxKm3-DvHFPjrV-Y67aXsj8 以绑定
2018-08-29 22:01:42,973- userDao.py:[line:32]- INFO - 用户名 oErKPvxKm3-DvHFPjrV-Y67aXsj8 以绑定
2018-08-29 22:01:45,164- userDao.py:[line:29]- INFO - 用户名 oErKPvxKm3-DvHFPjrV-Y67aXsj8 以解绑
2018-08-29 22:01:45,417- userDao.py:[line:32]- INFO - 用户名 oErKPvxKm3-DvHFPjrV-Y67aXsj8 以绑定
2018-08-29 22:01:45,419- scoreDao.py:[line:43]- INFO - 用户oErKPvxKm3-DvHFPjrV-Y67aXsj8今天未调取过爬虫
2018-08-29 22:01:45,420- scoreDao.py:[line:66]- INFO - 用户oErKPvxKm3-DvHFPjrV-Y67aXsj8使用爬虫爬取成绩
2018-08-29 22:01:45,422- userDao.py:[line:32]- INFO - 用户名 oErKPvxKm3-DvHFPjrV-Y67aXsj8 以绑定
2018-08-29 22:01:47,209- scoreDao.py:[line:118]- INFO - 用户oErKPvxKm3-DvHFPjrV-Y67aXsj8成绩更新成功
2018-08-29 22:01:47,211- scoreDao.py:[line:43]- INFO - 用户oErKPvxKm3-DvHFPjrV-Y67aXsj8今天未调取过爬虫
2018-08-29 22:01:47,211- scoreDao.py:[line:66]- INFO - 用户oErKPvxKm3-DvHFPjrV-Y67aXsj8使用爬虫爬取成绩
2018-08-29 22:01:47,212- userDao.py:[line:32]- INFO - 用户名 oErKPvxKm3-DvHFPjrV-Y67aXsj8 以绑定
2018-08-29 22:01:48,506- scoreDao.py:[line:70]- WARNING - 用户oErKPvxKm3-DvHFPjrV-Y67aXsj8已爬1次
2018-08-29 22:01:48,509- scoreDao.py:[line:43]- INFO - 用户oErKPvxKm3-DvHFPjrV-Y67aXsj8今天未调取过爬虫
2018-08-29 22:01:48,509- scoreDao.py:[line:66]- INFO - 用户oErKPvxKm3-DvHFPjrV-Y67aXsj8使用爬虫爬取成绩
2018-08-29 22:01:48,510- userDao.py:[line:32]- INFO - 用户名 oErKPvxKm3-DvHFPjrV-Y67aXsj8 以绑定
2018-08-29 22:01:51,203- scoreDao.py:[line:118]- INFO - 用户oErKPvxKm3-DvHFPjrV-Y67aXsj8成绩更新成功
2018-08-29 22:01:51,206- scoreDao.py:[line:43]- INFO - 用户oErKPvxKm3-DvHFPjrV-Y67aXsj8今天未调取过爬虫
2018-08-29 22:01:51,206- scoreDao.py:[line:66]- INFO - 用户oErKPvxKm3-DvHFPjrV-Y67aXsj8使用爬虫爬取成绩
2018-08-29 22:01:51,207- userDao.py:[line:32]- INFO - 用户名 oErKPvxKm3-DvHFPjrV-Y67aXsj8 以绑定
2018-08-29 22:07:14,009- userDao.py:[line:32]- INFO - 用户名 oErKPvxKm3-DvHFPjrV-Y67aXsj8 以绑定
2018-08-29 22:07:14,012- scoreDao.py:[line:43]- INFO - 用户oErKPvxKm3-DvHFPjrV-Y67aXsj8今天未调取过爬虫
2018-08-29 22:07:14,012- scoreDao.py:[line:66]- INFO - 用户oErKPvxKm3-DvHFPjrV-Y67aXsj8使用爬虫爬取成绩
2018-08-29 22:07:14,013- userDao.py:[line:32]- INFO - 用户名 oErKPvxKm3-DvHFPjrV-Y67aXsj8 以绑定
2018-08-29 22:07:18,786- scoreDao.py:[line:117]- INFO - 用户oErKPvxKm3-DvHFPjrV-Y67aXsj8成绩更新成功
2018-08-29 22:07:18,788- scoreDao.py:[line:43]- INFO - 用户oErKPvxKm3-DvHFPjrV-Y67aXsj8今天未调取过爬虫
2018-08-29 22:07:18,788- scoreDao.py:[line:66]- INFO - 用户oErKPvxKm3-DvHFPjrV-Y67aXsj8使用爬虫爬取成绩
2018-08-29 22:07:18,789- userDao.py:[line:32]- INFO - 用户名 oErKPvxKm3-DvHFPjrV-Y67aXsj8 以绑定
2018-08-29 22:07:21,526- scoreDao.py:[line:117]- INFO - 用户oErKPvxKm3-DvHFPjrV-Y67aXsj8成绩更新成功
2018-08-29 22:07:21,529- scoreDao.py:[line:43]- INFO - 用户oErKPvxKm3-DvHFPjrV-Y67aXsj8今天未调取过爬虫
2018-08-29 22:07:21,529- scoreDao.py:[line:66]- INFO - 用户oErKPvxKm3-DvHFPjrV-Y67aXsj8使用爬虫爬取成绩
2018-08-29 22:07:21,530- userDao.py:[line:32]- INFO - 用户名 oErKPvxKm3-DvHFPjrV-Y67aXsj8 以绑定
2018-08-29 22:07:24,085- userDao.py:[line:32]- INFO - 用户名 oErKPvxKm3-DvHFPjrV-Y67aXsj8 以绑定
2018-08-29 22:07:24,087- scoreDao.py:[line:43]- INFO - 用户oErKPvxKm3-DvHFPjrV-Y67aXsj8今天未调取过爬虫
2018-08-29 22:07:24,087- scoreDao.py:[line:66]- INFO - 用户oErKPvxKm3-DvHFPjrV-Y67aXsj8使用爬虫爬取成绩
2018-08-29 22:07:24,088- userDao.py:[line:32]- INFO - 用户名 oErKPvxKm3-DvHFPjrV-Y67aXsj8 以绑定
2018-08-29 22:48:39,490- userDao.py:[line:32]- INFO - 用户名 oErKPvxKm3-DvHFPjrV-Y67aXsj8 以绑定
2018-08-29 22:48:39,493- scoreDao.py:[line:42]- INFO - 用户oErKPvxKm3-DvHFPjrV-Y67aXsj8今天未调取过爬虫
2018-08-29 22:48:39,493- scoreDao.py:[line:77]- INFO - 用户oErKPvxKm3-DvHFPjrV-Y67aXsj8使用爬虫爬取成绩
2018-08-29 22:48:39,494- userDao.py:[line:32]- INFO - 用户名 oErKPvxKm3-DvHFPjrV-Y67aXsj8 以绑定
2018-08-29 22:48:44,892- scoreDao.py:[line:133]- ERROR - 用户oErKPvxKm3-DvHFPjrV-Y67aXsj8成绩更新失败
2018-08-29 22:48:44,892- scoreDao.py:[line:82]- WARNING - 用户oErKPvxKm3-DvHFPjrV-Y67aXsj8已爬1次
2018-08-29 22:48:44,895- scoreDao.py:[line:42]- INFO - 用户oErKPvxKm3-DvHFPjrV-Y67aXsj8今天未调取过爬虫
2018-08-29 22:48:44,895- scoreDao.py:[line:77]- INFO - 用户oErKPvxKm3-DvHFPjrV-Y67aXsj8使用爬虫爬取成绩
2018-08-29 22:48:44,896- userDao.py:[line:32]- INFO - 用户名 oErKPvxKm3-DvHFPjrV-Y67aXsj8 以绑定
2018-08-29 22:48:46,356- scoreDao.py:[line:136]- ERROR - 用户oErKPvxKm3-DvHFPjrV-Y67aXsj8成绩查询失败
2018-08-29 22:48:46,356- scoreDao.py:[line:82]- WARNING - 用户oErKPvxKm3-DvHFPjrV-Y67aXsj8已爬2次
2018-08-29 22:48:46,543- userDao.py:[line:32]- INFO - 用户名 oErKPvxKm3-DvHFPjrV-Y67aXsj8 以绑定
2018-08-29 22:48:46,546- scoreDao.py:[line:42]- INFO - 用户oErKPvxKm3-DvHFPjrV-Y67aXsj8今天未调取过爬虫
2018-08-29 22:48:46,546- scoreDao.py:[line:77]- INFO - 用户oErKPvxKm3-DvHFPjrV-Y67aXsj8使用爬虫爬取成绩
2018-08-29 22:48:46,547- userDao.py:[line:32]- INFO - 用户名 oErKPvxKm3-DvHFPjrV-Y67aXsj8 以绑定
2018-08-29 22:49:14,028- userDao.py:[line:32]- INFO - 用户名 oErKPvxKm3-DvHFPjrV-Y67aXsj8 以绑定
2018-08-29 22:49:16,610- scoreDao.py:[line:136]- ERROR - 用户oErKPvxKm3-DvHFPjrV-Y67aXsj8成绩查询失败
2018-08-29 22:49:16,610- scoreDao.py:[line:82]- WARNING - 用户oErKPvxKm3-DvHFPjrV-Y67aXsj8已爬1次
2018-08-29 22:49:16,613- scoreDao.py:[line:42]- INFO - 用户oErKPvxKm3-DvHFPjrV-Y67aXsj8今天未调取过爬虫
2018-08-29 22:49:16,613- scoreDao.py:[line:77]- INFO - 用户oErKPvxKm3-DvHFPjrV-Y67aXsj8使用爬虫爬取成绩
2018-08-29 22:49:16,614- userDao.py:[line:32]- INFO - 用户名 oErKPvxKm3-DvHFPjrV-Y67aXsj8 以绑定
2018-08-29 22:49:16,818- userDao.py:[line:32]- INFO - 用户名 oErKPvxKm3-DvHFPjrV-Y67aXsj8 以绑定
2018-08-29 22:49:19,858- userDao.py:[line:32]- INFO - 用户名 oErKPvxKm3-DvHFPjrV-Y67aXsj8 以绑定
2018-08-29 22:49:19,861- scoreDao.py:[line:42]- INFO - 用户oErKPvxKm3-DvHFPjrV-Y67aXsj8今天未调取过爬虫
2018-08-29 22:49:19,861- scoreDao.py:[line:77]- INFO - 用户oErKPvxKm3-DvHFPjrV-Y67aXsj8使用爬虫爬取成绩
2018-08-29 22:49:19,862- userDao.py:[line:32]- INFO - 用户名 oErKPvxKm3-DvHFPjrV-Y67aXsj8 以绑定
2018-08-29 22:49:28,471- scoreDao.py:[line:133]- ERROR - 用户oErKPvxKm3-DvHFPjrV-Y67aXsj8成绩更新失败
2018-08-29 22:49:28,471- scoreDao.py:[line:82]- WARNING - 用户oErKPvxKm3-DvHFPjrV-Y67aXsj8已爬2次
2018-08-29 22:49:30,143- userDao.py:[line:32]- INFO - 用户名 oErKPvxKm3-DvHFPjrV-Y67aXsj8 以绑定
2018-08-29 22:49:30,145- scoreDao.py:[line:42]- INFO - 用户oErKPvxKm3-DvHFPjrV-Y67aXsj8今天未调取过爬虫
2018-08-29 22:49:30,145- scoreDao.py:[line:77]- INFO - 用户oErKPvxKm3-DvHFPjrV-Y67aXsj8使用爬虫爬取成绩
2018-08-29 22:49:30,146- userDao.py:[line:32]- INFO - 用户名 oErKPvxKm3-DvHFPjrV-Y67aXsj8 以绑定
2018-08-29 22:49:36,110- scoreDao.py:[line:133]- ERROR - 用户oErKPvxKm3-DvHFPjrV-Y67aXsj8成绩更新失败
2018-08-29 22:49:36,111- scoreDao.py:[line:82]- WARNING - 用户oErKPvxKm3-DvHFPjrV-Y67aXsj8已爬1次
2018-08-29 22:49:36,113- scoreDao.py:[line:42]- INFO - 用户oErKPvxKm3-DvHFPjrV-Y67aXsj8今天未调取过爬虫
2018-08-29 22:49:36,113- scoreDao.py:[line:77]- INFO - 用户oErKPvxKm3-DvHFPjrV-Y67aXsj8使用爬虫爬取成绩
2018-08-29 22:49:36,115- userDao.py:[line:32]- INFO - 用户名 oErKPvxKm3-DvHFPjrV-Y67aXsj8 以绑定
2018-08-29 22:49:42,285- scoreDao.py:[line:133]- ERROR - 用户oErKPvxKm3-DvHFPjrV-Y67aXsj8成绩更新失败
2018-08-29 22:49:42,285- scoreDao.py:[line:82]- WARNING - 用户oErKPvxKm3-DvHFPjrV-Y67aXsj8已爬2次
2018-08-29 22:50:09,769- scoreDao.py:[line:136]- ERROR - 用户oErKPvxKm3-DvHFPjrV-Y67aXsj8成绩查询失败
2018-08-29 22:50:09,769- scoreDao.py:[line:82]- WARNING - 用户oErKPvxKm3-DvHFPjrV-Y67aXsj8已爬1次
2018-08-29 22:50:09,771- scoreDao.py:[line:42]- INFO - 用户oErKPvxKm3-DvHFPjrV-Y67aXsj8今天未调取过爬虫
2018-08-29 22:50:09,772- scoreDao.py:[line:77]- INFO - 用户oErKPvxKm3-DvHFPjrV-Y67aXsj8使用爬虫爬取成绩
2018-08-29 22:50:09,773- userDao.py:[line:32]- INFO - 用户名 oErKPvxKm3-DvHFPjrV-Y67aXsj8 以绑定
2018-08-29 22:50:41,942- scoreDao.py:[line:136]- ERROR - 用户oErKPvxKm3-DvHFPjrV-Y67aXsj8成绩查询失败
2018-08-29 22:50:41,942- scoreDao.py:[line:82]- WARNING - 用户oErKPvxKm3-DvHFPjrV-Y67aXsj8已爬2次
2018-08-29 22:55:17,882- userDao.py:[line:32]- INFO - 用户名 oErKPvxKm3-DvHFPjrV-Y67aXsj8 以绑定
2018-08-29 22:55:17,884- scoreDao.py:[line:42]- INFO - 用户oErKPvxKm3-DvHFPjrV-Y67aXsj8今天未调取过爬虫
2018-08-29 22:55:17,884- scoreDao.py:[line:77]- INFO - 用户oErKPvxKm3-DvHFPjrV-Y67aXsj8使用爬虫爬取成绩
2018-08-29 22:55:17,885- userDao.py:[line:32]- INFO - 用户名 oErKPvxKm3-DvHFPjrV-Y67aXsj8 以绑定
2018-08-29 22:55:18,036- scoreDao.py:[line:136]- ERROR - 用户oErKPvxKm3-DvHFPjrV-Y67aXsj8成绩查询失败
2018-08-29 22:55:18,036- scoreDao.py:[line:82]- WARNING - 用户oErKPvxKm3-DvHFPjrV-Y67aXsj8已爬1次
2018-08-29 22:55:18,038- scoreDao.py:[line:42]- INFO - 用户oErKPvxKm3-DvHFPjrV-Y67aXsj8今天未调取过爬虫
2018-08-29 22:55:18,038- scoreDao.py:[line:77]- INFO - 用户oErKPvxKm3-DvHFPjrV-Y67aXsj8使用爬虫爬取成绩
2018-08-29 22:55:18,040- userDao.py:[line:32]- INFO - 用户名 oErKPvxKm3-DvHFPjrV-Y67aXsj8 以绑定
2018-08-29 22:55:28,047- userDao.py:[line:32]- INFO - 用户名 oErKPvxKm3-DvHFPjrV-Y67aXsj8 以绑定
2018-08-29 22:55:28,049- scoreDao.py:[line:42]- INFO - 用户oErKPvxKm3-DvHFPjrV-Y67aXsj8今天未调取过爬虫
2018-08-29 22:55:28,049- scoreDao.py:[line:77]- INFO - 用户oErKPvxKm3-DvHFPjrV-Y67aXsj8使用爬虫爬取成绩
2018-08-29 22:55:28,050- userDao.py:[line:32]- INFO - 用户名 oErKPvxKm3-DvHFPjrV-Y67aXsj8 以绑定
2018-08-29 22:55:40,961- scoreDao.py:[line:133]- ERROR - 用户oErKPvxKm3-DvHFPjrV-Y67aXsj8成绩更新失败
2018-08-29 22:55:40,962- scoreDao.py:[line:82]- WARNING - 用户oErKPvxKm3-DvHFPjrV-Y67aXsj8已爬1次
2018-08-29 22:55:40,964- scoreDao.py:[line:42]- INFO - 用户oErKPvxKm3-DvHFPjrV-Y67aXsj8今天未调取过爬虫
2018-08-29 22:55:40,964- scoreDao.py:[line:77]- INFO - 用户oErKPvxKm3-DvHFPjrV-Y67aXsj8使用爬虫爬取成绩
2018-08-29 22:55:40,965- userDao.py:[line:32]- INFO - 用户名 oErKPvxKm3-DvHFPjrV-Y67aXsj8 以绑定
2018-08-29 22:55:43,301- scoreDao.py:[line:133]- ERROR - 用户oErKPvxKm3-DvHFPjrV-Y67aXsj8成绩更新失败
2018-08-29 22:55:43,301- scoreDao.py:[line:82]- WARNING - 用户oErKPvxKm3-DvHFPjrV-Y67aXsj8已爬2次
2018-08-29 22:55:48,067- scoreDao.py:[line:136]- ERROR - 用户oErKPvxKm3-DvHFPjrV-Y67aXsj8成绩查询失败
2018-08-29 22:55:48,068- scoreDao.py:[line:82]- WARNING - 用户oErKPvxKm3-DvHFPjrV-Y67aXsj8已爬2次
2018-08-29 22:57:28,076- userDao.py:[line:32]- INFO - 用户名 oErKPvxKm3-DvHFPjrV-Y67aXsj8 以绑定
2018-08-29 22:57:34,627- userDao.py:[line:32]- INFO - 用户名 oErKPvxKm3-DvHFPjrV-Y67aXsj8 以绑定
2018-08-29 22:57:34,630- scoreDao.py:[line:42]- INFO - 用户oErKPvxKm3-DvHFPjrV-Y67aXsj8今天未调取过爬虫
2018-08-29 22:57:34,630- scoreDao.py:[line:77]- INFO - 用户oErKPvxKm3-DvHFPjrV-Y67aXsj8使用爬虫爬取成绩
2018-08-29 22:57:34,631- userDao.py:[line:32]- INFO - 用户名 oErKPvxKm3-DvHFPjrV-Y67aXsj8 以绑定
2018-08-29 22:57:38,630- scoreDao.py:[line:133]- ERROR - 用户oErKPvxKm3-DvHFPjrV-Y67aXsj8成绩更新失败
2018-08-29 22:57:38,631- scoreDao.py:[line:82]- WARNING - 用户oErKPvxKm3-DvHFPjrV-Y67aXsj8已爬1次
2018-08-29 22:57:38,633- scoreDao.py:[line:42]- INFO - 用户oErKPvxKm3-DvHFPjrV-Y67aXsj8今天未调取过爬虫
2018-08-29 22:57:38,633- scoreDao.py:[line:77]- INFO - 用户oErKPvxKm3-DvHFPjrV-Y67aXsj8使用爬虫爬取成绩
2018-08-29 22:57:38,635- userDao.py:[line:32]- INFO - 用户名 oErKPvxKm3-DvHFPjrV-Y67aXsj8 以绑定
2018-08-29 22:57:40,694- scoreDao.py:[line:133]- ERROR - 用户oErKPvxKm3-DvHFPjrV-Y67aXsj8成绩更新失败
2018-08-29 22:57:40,695- scoreDao.py:[line:82]- WARNING - 用户oErKPvxKm3-DvHFPjrV-Y67aXsj8已爬2次
